{"meta": {"format": 3, "version": "7.9.2", "timestamp": "2025-07-20T10:14:27.735310", "branch_coverage": false, "show_contexts": false}, "files": {"unified_server.py": {"executed_lines": [2, 7, 8, 9, 10, 11, 12, 13, 14, 15, 16, 17, 18, 19, 20, 21, 22, 23, 24, 25, 26, 29, 30, 31, 32, 33, 34, 35, 36, 37, 38, 39, 46, 47, 48, 51, 54, 60, 61, 122, 123, 190, 191, 257, 258, 307, 308, 366, 367, 433, 434, 494, 511, 516, 517, 518, 519, 520, 521, 522, 523, 524, 525, 526, 527, 528, 529, 530, 531, 532, 533, 534, 535, 538, 539, 540, 541, 542, 543, 544, 545, 546, 547, 548, 555, 556, 557, 560, 563, 569, 571, 572, 573, 574, 580, 582, 583, 584, 588, 589, 591, 592, 593, 594, 595, 596, 597, 601, 602, 604, 605, 606, 609, 613, 614, 634, 635, 648, 649, 661, 662, 682, 683, 697, 698, 715, 716, 731, 732, 755, 756, 770, 771, 813, 814, 844, 845, 877, 878, 886, 887, 895, 896, 904, 905, 921, 922, 923, 926, 927, 929, 932, 933, 934, 937, 939, 940, 942, 945, 990, 996, 997, 1008, 1009, 1020, 1021, 1038, 1039, 1063, 1064, 1081, 1082, 1099, 1100, 1125, 1126, 1206, 1207, 1252, 1253, 1272, 1273, 1325, 1326, 1352, 1353, 1356, 1357, 1358, 1359, 1362, 1363, 1365, 1367, 1370, 1371, 1372, 1373, 1378, 1379, 1386, 1387, 1394, 1504, 1518, 1530, 1531, 1550, 1551, 1572, 1573, 1585, 1586, 1602, 1603, 1614, 1615, 1627, 1628, 1646, 1647, 1666, 1667, 1684, 1685, 1696, 1697, 1708, 1709, 1724, 1725, 1739, 1740, 1764, 1765, 1783, 1784, 1802, 1803, 1821, 1822, 1837, 1838, 1853, 1854, 1869, 1870, 1888, 1889, 1910, 1911, 1942, 1943, 1961, 1962, 1977, 1978, 2003, 2004, 2020, 2021, 2056, 2057, 2082, 2083, 2099, 2100, 2161, 2162, 2163, 2164, 2165, 2166, 2167, 2169, 2217, 2225, 2245, 2268, 2288, 2299, 2313, 2323, 2341, 2379, 2435, 2453, 2468, 2476, 2478, 2479, 2492, 2493, 2506, 2507, 2535, 2536, 2565, 2566, 2580, 2581, 2597, 2599, 2601, 2602, 2611, 2612, 2621, 2622, 2631, 2632, 2642, 2643, 2652, 2653, 2662, 2663, 2672, 2673, 2688, 2689, 2734, 2735, 2743, 2744, 2754, 2755, 2765, 2766, 2778, 2779, 2791, 2792, 2803, 2804, 2813, 2814, 2824, 2825, 2836, 2837, 2852, 2853, 2862, 2863, 2872, 2873, 2882, 2883, 2892, 2893, 2902, 2903, 2917, 2918, 2939, 2940, 2949, 2950, 2960, 2961, 2975, 2976, 2988, 2989, 3001, 3002, 3014, 3015, 3027, 3028, 3039, 3040, 3054, 3055, 3070, 3071, 3080, 3081, 3090, 3091, 3103, 3104, 3113, 3114, 3124, 3125, 3139, 3140, 3154, 3155, 3199, 3200, 3209, 3210, 3225, 3226, 3235, 3236, 3248, 3249, 3258, 3259, 3268, 3269, 3282, 3283, 3315, 3316, 3335, 3336, 3380, 3381, 3408, 3409, 3564, 3565, 3593, 3594, 3620, 3621, 3644, 3645, 3673, 3674, 3700, 3701, 3736, 3737, 3776, 3777, 3819, 3820, 3857, 3858, 3876, 3877, 3915, 3916, 3940, 3941, 3974, 3975, 4020, 4021, 4043, 4044, 4073, 4074, 4132, 4133, 4170, 4171, 4214, 4215, 4260, 4261, 4340, 4341, 4416, 4417, 4470, 4471, 4520, 4521, 4566, 4567, 4654, 4655, 4706, 4707, 4780, 4781, 4855, 4856, 4934, 4935, 4953, 4954, 4980, 4981, 5017, 5018, 5038, 5039, 5069, 5070, 5107, 5108, 5131, 5132, 5152, 5153, 5188, 5189, 5209, 5210, 5237, 5238, 5258, 5259, 5283, 5284, 5311, 5312, 5332, 5333, 5357, 5358, 5378, 5379, 5406, 5407, 5427, 5428, 5442, 5443, 5463, 5464, 5482, 5483, 5502, 5503, 5529, 5530, 5567, 5568, 5569, 5571, 5572, 5789, 5790, 5805, 5806, 5860, 5861, 5895, 5896, 6028, 6029, 6175, 6176, 6224, 6225, 6281, 6282, 6346, 6347, 6403, 6404, 6423, 6424, 6467, 6468, 6528, 6529, 6610, 6611, 6663, 6664, 6757, 6758, 6851, 6852, 6933, 6934, 6991, 6992, 7036, 7037, 7062, 7063, 7137, 7138, 7189, 7190, 7242], "summary": {"covered_lines": 576, "num_statements": 3927, "percent_covered": 14.66768525592055, "percent_covered_display": "15", "missing_lines": 3351, "excluded_lines": 0}, "missing_lines": [40, 41, 42, 43, 63, 64, 65, 66, 67, 69, 72, 73, 76, 77, 79, 80, 83, 84, 86, 87, 90, 91, 93, 94, 97, 98, 100, 101, 104, 105, 107, 108, 111, 112, 114, 115, 117, 119, 120, 125, 126, 129, 177, 185, 187, 188, 193, 194, 197, 198, 199, 200, 201, 204, 205, 206, 207, 208, 209, 212, 213, 215, 216, 217, 218, 221, 222, 223, 224, 225, 227, 228, 229, 230, 232, 234, 235, 237, 240, 247, 248, 249, 250, 252, 254, 255, 260, 261, 264, 270, 271, 273, 274, 275, 276, 279, 280, 281, 284, 286, 287, 288, 289, 292, 293, 295, 297, 298, 300, 302, 304, 305, 310, 311, 314, 317, 323, 324, 325, 326, 328, 331, 332, 333, 335, 336, 337, 338, 340, 341, 343, 346, 347, 348, 350, 351, 354, 355, 356, 357, 358, 359, 361, 363, 364, 369, 370, 373, 375, 376, 378, 379, 380, 381, 383, 384, 385, 386, 387, 390, 391, 392, 393, 394, 395, 396, 397, 399, 400, 401, 403, 404, 405, 408, 409, 412, 417, 418, 419, 422, 423, 424, 425, 426, 428, 430, 431, 436, 437, 440, 441, 444, 454, 455, 457, 460, 461, 463, 469, 470, 471, 472, 473, 474, 477, 478, 486, 487, 489, 491, 492, 496, 498, 499, 505, 506, 507, 549, 550, 551, 552, 575, 576, 577, 578, 585, 586, 598, 599, 607, 610, 611, 616, 617, 618, 619, 620, 621, 622, 623, 624, 625, 626, 627, 628, 637, 638, 639, 640, 642, 643, 644, 645, 646, 651, 652, 653, 654, 655, 657, 658, 659, 664, 665, 675, 676, 677, 678, 679, 680, 685, 686, 687, 688, 689, 690, 691, 693, 694, 695, 700, 701, 702, 703, 704, 705, 706, 707, 708, 709, 711, 712, 713, 718, 719, 720, 721, 722, 723, 725, 727, 728, 729, 734, 735, 736, 737, 738, 739, 740, 741, 742, 743, 744, 745, 746, 747, 748, 749, 750, 751, 752, 753, 758, 759, 760, 761, 762, 763, 764, 765, 766, 767, 768, 773, 774, 777, 782, 783, 784, 785, 786, 787, 788, 789, 790, 791, 792, 793, 794, 795, 796, 797, 798, 799, 800, 801, 804, 806, 807, 809, 810, 811, 816, 817, 820, 825, 826, 827, 828, 829, 830, 831, 832, 833, 834, 835, 837, 838, 840, 841, 842, 847, 848, 853, 854, 855, 862, 863, 864, 865, 866, 867, 868, 869, 880, 881, 882, 883, 884, 889, 890, 891, 892, 893, 898, 899, 900, 901, 902, 907, 908, 909, 910, 911, 946, 947, 948, 951, 952, 953, 954, 955, 956, 957, 960, 961, 962, 963, 966, 967, 969, 970, 971, 972, 973, 974, 976, 977, 978, 979, 980, 981, 983, 985, 986, 988, 991, 992, 993, 994, 999, 1000, 1002, 1003, 1004, 1005, 1006, 1011, 1012, 1014, 1015, 1016, 1017, 1018, 1023, 1024, 1026, 1027, 1028, 1029, 1031, 1035, 1036, 1041, 1042, 1044, 1045, 1046, 1047, 1048, 1049, 1050, 1051, 1053, 1054, 1055, 1057, 1060, 1061, 1066, 1067, 1069, 1070, 1071, 1072, 1074, 1078, 1079, 1084, 1085, 1087, 1088, 1089, 1090, 1092, 1096, 1097, 1102, 1103, 1105, 1106, 1108, 1109, 1111, 1113, 1114, 1115, 1116, 1117, 1118, 1119, 1121, 1122, 1123, 1128, 1129, 1131, 1133, 1134, 1135, 1138, 1139, 1141, 1142, 1143, 1144, 1146, 1147, 1148, 1149, 1150, 1151, 1152, 1154, 1157, 1158, 1159, 1160, 1161, 1162, 1164, 1166, 1168, 1171, 1172, 1173, 1176, 1177, 1179, 1180, 1181, 1183, 1184, 1185, 1187, 1188, 1189, 1190, 1192, 1193, 1194, 1196, 1197, 1198, 1199, 1200, 1202, 1203, 1204, 1209, 1210, 1212, 1214, 1216, 1217, 1219, 1220, 1222, 1225, 1226, 1230, 1231, 1232, 1235, 1237, 1238, 1239, 1241, 1242, 1243, 1244, 1246, 1248, 1249, 1250, 1255, 1256, 1257, 1258, 1259, 1260, 1261, 1268, 1269, 1270, 1275, 1276, 1278, 1280, 1284, 1285, 1286, 1288, 1289, 1290, 1294, 1296, 1298, 1299, 1300, 1322, 1323, 1328, 1329, 1331, 1333, 1334, 1335, 1336, 1337, 1338, 1339, 1342, 1344, 1345, 1347, 1348, 1349, 1374, 1375, 1380, 1381, 1383, 1390, 1391, 1392, 1398, 1399, 1401, 1402, 1404, 1405, 1407, 1410, 1411, 1412, 1413, 1414, 1415, 1417, 1418, 1419, 1420, 1421, 1424, 1425, 1427, 1428, 1429, 1430, 1431, 1434, 1435, 1438, 1439, 1440, 1442, 1443, 1444, 1445, 1446, 1447, 1448, 1449, 1450, 1453, 1454, 1455, 1456, 1457, 1458, 1459, 1460, 1461, 1462, 1465, 1466, 1468, 1470, 1471, 1472, 1473, 1474, 1475, 1478, 1479, 1482, 1483, 1486, 1489, 1491, 1492, 1493, 1496, 1497, 1498, 1500, 1502, 1508, 1509, 1510, 1511, 1512, 1513, 1515, 1516, 1522, 1523, 1524, 1525, 1527, 1528, 1533, 1534, 1536, 1537, 1538, 1539, 1540, 1541, 1543, 1544, 1546, 1547, 1548, 1553, 1554, 1556, 1557, 1558, 1560, 1561, 1563, 1564, 1565, 1566, 1568, 1569, 1570, 1575, 1576, 1578, 1579, 1580, 1581, 1582, 1583, 1588, 1589, 1591, 1592, 1593, 1594, 1595, 1597, 1598, 1599, 1600, 1605, 1606, 1608, 1609, 1610, 1611, 1612, 1617, 1618, 1620, 1621, 1622, 1623, 1624, 1625, 1630, 1631, 1633, 1634, 1635, 1637, 1638, 1639, 1640, 1642, 1643, 1644, 1649, 1650, 1652, 1653, 1654, 1656, 1657, 1658, 1659, 1660, 1662, 1663, 1664, 1669, 1670, 1672, 1673, 1674, 1675, 1676, 1678, 1680, 1681, 1682, 1687, 1688, 1690, 1691, 1692, 1693, 1694, 1699, 1700, 1702, 1703, 1704, 1705, 1706, 1711, 1712, 1714, 1715, 1716, 1717, 1718, 1727, 1728, 1735, 1736, 1737, 1742, 1743, 1752, 1760, 1761, 1762, 1767, 1768, 1776, 1777, 1779, 1780, 1781, 1786, 1787, 1795, 1796, 1798, 1799, 1800, 1805, 1806, 1814, 1815, 1817, 1818, 1819, 1824, 1825, 1833, 1834, 1835, 1840, 1841, 1849, 1850, 1851, 1856, 1857, 1865, 1866, 1867, 1872, 1873, 1881, 1882, 1884, 1885, 1886, 1891, 1892, 1893, 1895, 1903, 1904, 1906, 1907, 1908, 1913, 1915, 1923, 1924, 1927, 1935, 1936, 1938, 1939, 1940, 1945, 1946, 1954, 1955, 1957, 1958, 1959, 1964, 1965, 1973, 1974, 1975, 1980, 1982, 1991, 1999, 2000, 2001, 2006, 2008, 2016, 2017, 2018, 2023, 2025, 2034, 2042, 2044, 2052, 2053, 2054, 2059, 2061, 2070, 2078, 2079, 2080, 2085, 2087, 2095, 2096, 2097, 2102, 2103, 2106, 2115, 2116, 2117, 2118, 2119, 2121, 2122, 2124, 2125, 2127, 2136, 2137, 2139, 2140, 2141, 2142, 2143, 2144, 2145, 2146, 2148, 2150, 2151, 2153, 2154, 2155, 2171, 2173, 2174, 2177, 2183, 2184, 2185, 2186, 2187, 2189, 2190, 2193, 2204, 2205, 2208, 2209, 2211, 2213, 2214, 2215, 2219, 2220, 2221, 2222, 2223, 2227, 2229, 2230, 2231, 2233, 2234, 2235, 2238, 2239, 2241, 2242, 2243, 2247, 2248, 2249, 2253, 2260, 2261, 2263, 2265, 2266, 2270, 2272, 2277, 2278, 2279, 2280, 2282, 2284, 2285, 2286, 2290, 2292, 2293, 2294, 2295, 2296, 2297, 2301, 2302, 2303, 2304, 2306, 2307, 2308, 2309, 2310, 2311, 2315, 2316, 2317, 2318, 2319, 2320, 2321, 2325, 2328, 2329, 2330, 2331, 2332, 2333, 2334, 2335, 2337, 2338, 2339, 2343, 2346, 2354, 2356, 2360, 2361, 2363, 2364, 2365, 2366, 2367, 2368, 2369, 2370, 2371, 2373, 2375, 2376, 2377, 2381, 2382, 2385, 2395, 2398, 2399, 2401, 2402, 2405, 2406, 2407, 2409, 2410, 2413, 2419, 2420, 2421, 2422, 2423, 2424, 2425, 2427, 2428, 2430, 2432, 2433, 2437, 2438, 2439, 2442, 2443, 2444, 2445, 2446, 2448, 2449, 2450, 2451, 2455, 2456, 2457, 2458, 2459, 2460, 2461, 2462, 2463, 2464, 2465, 2466, 2470, 2471, 2472, 2473, 2481, 2482, 2484, 2485, 2486, 2488, 2489, 2490, 2495, 2496, 2498, 2499, 2500, 2502, 2503, 2504, 2509, 2510, 2512, 2514, 2515, 2516, 2517, 2518, 2519, 2520, 2521, 2522, 2523, 2525, 2527, 2528, 2529, 2531, 2532, 2533, 2538, 2539, 2541, 2542, 2543, 2545, 2553, 2554, 2556, 2559, 2560, 2561, 2562, 2563, 2568, 2569, 2571, 2572, 2573, 2575, 2576, 2577, 2578, 2583, 2584, 2586, 2587, 2588, 2589, 2590, 2604, 2605, 2606, 2607, 2608, 2609, 2614, 2615, 2616, 2617, 2618, 2619, 2624, 2625, 2626, 2627, 2628, 2629, 2634, 2635, 2636, 2637, 2638, 2639, 2640, 2645, 2646, 2647, 2648, 2649, 2650, 2655, 2656, 2657, 2658, 2659, 2660, 2665, 2666, 2667, 2668, 2669, 2670, 2675, 2676, 2677, 2678, 2680, 2685, 2686, 2691, 2692, 2724, 2725, 2726, 2728, 2729, 2730, 2737, 2738, 2739, 2740, 2741, 2746, 2747, 2748, 2749, 2750, 2751, 2752, 2757, 2758, 2759, 2760, 2761, 2762, 2763, 2768, 2769, 2772, 2773, 2774, 2775, 2776, 2781, 2782, 2783, 2784, 2785, 2786, 2787, 2788, 2789, 2794, 2795, 2796, 2797, 2798, 2799, 2800, 2806, 2807, 2808, 2809, 2810, 2811, 2816, 2817, 2819, 2820, 2821, 2822, 2827, 2828, 2829, 2830, 2831, 2832, 2833, 2834, 2839, 2840, 2842, 2843, 2844, 2845, 2855, 2856, 2857, 2858, 2859, 2860, 2865, 2866, 2867, 2868, 2869, 2870, 2875, 2876, 2877, 2878, 2879, 2880, 2885, 2886, 2887, 2888, 2889, 2890, 2895, 2896, 2897, 2898, 2899, 2900, 2905, 2906, 2908, 2910, 2911, 2912, 2913, 2914, 2915, 2920, 2921, 2922, 2926, 2927, 2930, 2931, 2932, 2933, 2935, 2936, 2937, 2942, 2943, 2944, 2945, 2946, 2947, 2952, 2953, 2954, 2955, 2956, 2957, 2963, 2964, 2965, 2966, 2967, 2968, 2969, 2970, 2971, 2972, 2973, 2978, 2979, 2980, 2981, 2982, 2983, 2984, 2985, 2986, 2991, 2992, 2993, 2994, 2995, 2996, 2997, 2998, 2999, 3004, 3005, 3006, 3007, 3008, 3009, 3010, 3011, 3012, 3017, 3018, 3019, 3020, 3021, 3022, 3023, 3024, 3025, 3030, 3031, 3032, 3033, 3034, 3035, 3036, 3037, 3042, 3043, 3044, 3045, 3046, 3047, 3048, 3049, 3050, 3051, 3052, 3057, 3058, 3059, 3060, 3061, 3062, 3063, 3064, 3065, 3066, 3067, 3073, 3074, 3075, 3076, 3077, 3078, 3083, 3084, 3085, 3086, 3087, 3088, 3093, 3094, 3095, 3096, 3097, 3098, 3099, 3100, 3101, 3106, 3107, 3108, 3109, 3110, 3111, 3116, 3117, 3118, 3119, 3120, 3121, 3127, 3128, 3129, 3130, 3131, 3132, 3133, 3134, 3135, 3136, 3137, 3142, 3143, 3144, 3145, 3146, 3147, 3148, 3149, 3150, 3151, 3152, 3157, 3159, 3160, 3163, 3164, 3165, 3166, 3167, 3168, 3169, 3172, 3175, 3176, 3177, 3178, 3181, 3182, 3185, 3186, 3189, 3190, 3193, 3195, 3196, 3197, 3202, 3203, 3204, 3205, 3206, 3207, 3212, 3213, 3214, 3215, 3216, 3217, 3218, 3219, 3220, 3221, 3222, 3228, 3229, 3230, 3231, 3232, 3233, 3238, 3239, 3240, 3241, 3243, 3244, 3245, 3246, 3251, 3252, 3253, 3254, 3255, 3256, 3261, 3262, 3263, 3264, 3265, 3266, 3271, 3272, 3273, 3274, 3275, 3276, 3285, 3286, 3288, 3289, 3290, 3291, 3292, 3294, 3295, 3296, 3298, 3299, 3300, 3302, 3303, 3304, 3305, 3306, 3307, 3310, 3312, 3313, 3318, 3319, 3321, 3323, 3324, 3327, 3328, 3330, 3332, 3333, 3338, 3339, 3341, 3343, 3344, 3346, 3347, 3348, 3350, 3351, 3352, 3353, 3355, 3356, 3357, 3358, 3360, 3361, 3362, 3363, 3365, 3366, 3367, 3368, 3370, 3371, 3372, 3373, 3375, 3377, 3378, 3383, 3384, 3385, 3388, 3390, 3391, 3392, 3393, 3394, 3395, 3396, 3398, 3400, 3401, 3403, 3405, 3406, 3411, 3412, 3413, 3414, 3416, 3419, 3425, 3426, 3427, 3428, 3429, 3430, 3432, 3433, 3434, 3437, 3438, 3440, 3441, 3442, 3444, 3445, 3446, 3449, 3451, 3452, 3459, 3460, 3461, 3462, 3464, 3465, 3468, 3469, 3470, 3477, 3478, 3479, 3480, 3482, 3483, 3486, 3487, 3488, 3495, 3496, 3497, 3498, 3499, 3501, 3502, 3505, 3506, 3507, 3514, 3515, 3516, 3517, 3519, 3520, 3523, 3524, 3525, 3532, 3533, 3534, 3535, 3536, 3537, 3538, 3540, 3541, 3544, 3545, 3546, 3547, 3548, 3549, 3550, 3553, 3554, 3555, 3556, 3557, 3559, 3561, 3562, 3567, 3568, 3569, 3571, 3572, 3573, 3574, 3575, 3576, 3579, 3580, 3582, 3584, 3586, 3587, 3596, 3597, 3598, 3599, 3600, 3602, 3603, 3604, 3606, 3607, 3608, 3610, 3611, 3612, 3613, 3614, 3616, 3617, 3618, 3623, 3624, 3625, 3626, 3627, 3629, 3630, 3632, 3633, 3634, 3636, 3637, 3638, 3647, 3648, 3649, 3650, 3652, 3653, 3655, 3656, 3657, 3658, 3659, 3660, 3661, 3662, 3663, 3664, 3666, 3667, 3669, 3670, 3671, 3676, 3677, 3678, 3679, 3681, 3682, 3683, 3684, 3685, 3686, 3688, 3693, 3694, 3703, 3704, 3705, 3707, 3708, 3715, 3717, 3718, 3721, 3722, 3724, 3725, 3726, 3727, 3729, 3730, 3732, 3733, 3734, 3739, 3740, 3741, 3743, 3745, 3746, 3749, 3750, 3751, 3752, 3753, 3756, 3757, 3758, 3759, 3760, 3761, 3762, 3763, 3764, 3766, 3768, 3769, 3770, 3779, 3780, 3781, 3782, 3783, 3785, 3786, 3788, 3789, 3790, 3792, 3793, 3794, 3795, 3797, 3799, 3800, 3802, 3804, 3805, 3807, 3808, 3809, 3810, 3811, 3812, 3813, 3815, 3816, 3817, 3822, 3823, 3824, 3825, 3826, 3828, 3835, 3836, 3838, 3840, 3841, 3842, 3844, 3845, 3847, 3850, 3851, 3860, 3861, 3862, 3863, 3866, 3867, 3869, 3870, 3872, 3873, 3874, 3879, 3880, 3881, 3882, 3885, 3886, 3888, 3889, 3891, 3892, 3893, 3895, 3897, 3898, 3899, 3900, 3902, 3903, 3905, 3907, 3908, 3909, 3918, 3919, 3920, 3921, 3923, 3924, 3927, 3928, 3931, 3932, 3934, 3935, 3936, 3937, 3938, 3943, 3944, 3945, 3946, 3948, 3949, 3952, 3953, 3954, 3955, 3956, 3957, 3959, 3960, 3962, 3965, 3966, 3967, 3968, 3977, 3978, 3979, 3981, 3982, 3985, 3986, 3987, 3988, 3991, 3997, 3998, 4001, 4002, 4003, 4006, 4008, 4010, 4017, 4018, 4023, 4024, 4025, 4026, 4027, 4028, 4029, 4030, 4031, 4032, 4033, 4035, 4036, 4037, 4046, 4047, 4048, 4049, 4050, 4052, 4053, 4055, 4056, 4057, 4058, 4060, 4061, 4062, 4063, 4064, 4066, 4067, 4069, 4070, 4071, 4076, 4077, 4078, 4079, 4081, 4093, 4094, 4096, 4097, 4098, 4101, 4102, 4103, 4104, 4105, 4108, 4109, 4110, 4113, 4114, 4115, 4116, 4118, 4119, 4120, 4122, 4123, 4124, 4125, 4126, 4128, 4129, 4130, 4135, 4136, 4137, 4138, 4140, 4143, 4144, 4145, 4147, 4148, 4149, 4150, 4151, 4152, 4154, 4155, 4156, 4157, 4158, 4159, 4160, 4162, 4163, 4164, 4173, 4174, 4175, 4182, 4183, 4184, 4186, 4187, 4188, 4189, 4190, 4191, 4192, 4193, 4194, 4195, 4196, 4197, 4198, 4199, 4200, 4201, 4202, 4204, 4205, 4206, 4207, 4208, 4210, 4211, 4212, 4217, 4218, 4219, 4220, 4222, 4223, 4224, 4227, 4228, 4229, 4230, 4231, 4232, 4235, 4236, 4238, 4239, 4242, 4243, 4245, 4246, 4248, 4249, 4250, 4252, 4253, 4254, 4256, 4257, 4258, 4263, 4264, 4265, 4268, 4269, 4270, 4271, 4274, 4275, 4276, 4277, 4280, 4281, 4282, 4283, 4284, 4287, 4288, 4289, 4290, 4293, 4294, 4297, 4298, 4299, 4302, 4303, 4304, 4305, 4306, 4307, 4308, 4309, 4310, 4311, 4314, 4315, 4316, 4317, 4318, 4319, 4320, 4321, 4323, 4324, 4326, 4327, 4328, 4330, 4332, 4333, 4334, 4343, 4344, 4345, 4347, 4350, 4356, 4357, 4358, 4359, 4367, 4369, 4370, 4371, 4372, 4373, 4374, 4376, 4378, 4379, 4380, 4383, 4384, 4385, 4386, 4388, 4389, 4390, 4391, 4393, 4394, 4395, 4396, 4399, 4400, 4402, 4403, 4404, 4405, 4406, 4407, 4408, 4409, 4410, 4412, 4413, 4414, 4419, 4420, 4421, 4423, 4424, 4425, 4426, 4427, 4428, 4429, 4430, 4432, 4435, 4436, 4439, 4440, 4441, 4442, 4444, 4447, 4454, 4455, 4456, 4457, 4458, 4459, 4461, 4463, 4464, 4473, 4474, 4475, 4476, 4479, 4480, 4481, 4484, 4491, 4492, 4494, 4496, 4497, 4500, 4501, 4502, 4505, 4507, 4508, 4509, 4510, 4511, 4513, 4515, 4517, 4518, 4523, 4524, 4525, 4527, 4528, 4530, 4532, 4533, 4535, 4536, 4537, 4542, 4543, 4544, 4545, 4547, 4548, 4550, 4551, 4552, 4553, 4554, 4555, 4557, 4559, 4560, 4569, 4570, 4571, 4572, 4573, 4574, 4575, 4576, 4578, 4587, 4588, 4591, 4593, 4594, 4595, 4597, 4598, 4600, 4602, 4603, 4604, 4606, 4607, 4608, 4609, 4610, 4611, 4612, 4613, 4615, 4616, 4618, 4620, 4621, 4622, 4624, 4625, 4626, 4627, 4628, 4630, 4631, 4637, 4638, 4640, 4641, 4642, 4643, 4644, 4646, 4649, 4651, 4652, 4657, 4658, 4659, 4666, 4668, 4669, 4676, 4677, 4679, 4681, 4682, 4684, 4685, 4686, 4688, 4689, 4691, 4692, 4694, 4697, 4699, 4700, 4709, 4710, 4711, 4713, 4714, 4715, 4717, 4718, 4721, 4722, 4724, 4726, 4727, 4729, 4730, 4731, 4732, 4734, 4735, 4736, 4738, 4739, 4745, 4746, 4747, 4749, 4750, 4753, 4755, 4756, 4757, 4759, 4760, 4761, 4762, 4763, 4769, 4770, 4771, 4772, 4773, 4775, 4777, 4778, 4783, 4784, 4785, 4787, 4788, 4790, 4793, 4794, 4796, 4797, 4798, 4799, 4801, 4802, 4803, 4804, 4806, 4809, 4810, 4812, 4813, 4814, 4815, 4816, 4818, 4819, 4820, 4821, 4824, 4825, 4826, 4827, 4828, 4829, 4831, 4832, 4833, 4835, 4836, 4837, 4838, 4839, 4841, 4843, 4844, 4846, 4848, 4849, 4858, 4860, 4873, 4874, 4876, 4877, 4879, 4880, 4887, 4888, 4891, 4892, 4893, 4894, 4895, 4896, 4897, 4898, 4899, 4901, 4902, 4903, 4904, 4905, 4906, 4907, 4908, 4909, 4911, 4912, 4913, 4914, 4915, 4916, 4918, 4919, 4920, 4921, 4923, 4925, 4927, 4928, 4929, 4930, 4931, 4932, 4937, 4938, 4939, 4941, 4942, 4944, 4946, 4947, 4956, 4957, 4958, 4959, 4960, 4962, 4964, 4972, 4973, 4975, 4977, 4978, 4983, 4984, 4993, 4994, 4996, 4997, 5005, 5006, 5008, 5010, 5011, 5020, 5021, 5022, 5030, 5031, 5033, 5035, 5036, 5041, 5042, 5043, 5044, 5045, 5047, 5049, 5057, 5058, 5060, 5062, 5063, 5072, 5074, 5082, 5083, 5085, 5086, 5087, 5089, 5091, 5099, 5100, 5102, 5104, 5105, 5110, 5111, 5112, 5119, 5120, 5122, 5124, 5125, 5134, 5135, 5136, 5144, 5145, 5147, 5149, 5150, 5155, 5156, 5164, 5165, 5167, 5168, 5176, 5177, 5179, 5181, 5182, 5191, 5192, 5193, 5201, 5202, 5204, 5206, 5207, 5212, 5213, 5214, 5216, 5217, 5225, 5226, 5228, 5230, 5231, 5240, 5241, 5242, 5250, 5251, 5253, 5255, 5256, 5261, 5262, 5263, 5271, 5272, 5274, 5276, 5277, 5286, 5287, 5288, 5290, 5291, 5299, 5300, 5302, 5304, 5305, 5314, 5315, 5316, 5324, 5325, 5327, 5329, 5330, 5335, 5336, 5337, 5345, 5346, 5348, 5350, 5351, 5360, 5361, 5362, 5370, 5371, 5373, 5375, 5376, 5381, 5382, 5383, 5391, 5392, 5393, 5395, 5397, 5399, 5400, 5409, 5410, 5411, 5419, 5420, 5422, 5424, 5425, 5430, 5431, 5432, 5434, 5435, 5437, 5439, 5440, 5445, 5446, 5447, 5455, 5456, 5458, 5460, 5461, 5466, 5467, 5468, 5470, 5471, 5473, 5475, 5476, 5485, 5486, 5487, 5495, 5497, 5498, 5499, 5500, 5505, 5506, 5507, 5510, 5513, 5521, 5522, 5524, 5526, 5527, 5532, 5533, 5534, 5542, 5543, 5546, 5547, 5554, 5555, 5557, 5559, 5560, 5576, 5577, 5578, 5579, 5580, 5581, 5583, 5584, 5586, 5588, 5589, 5590, 5593, 5594, 5595, 5596, 5599, 5600, 5603, 5604, 5607, 5615, 5616, 5617, 5618, 5620, 5622, 5625, 5626, 5628, 5629, 5631, 5632, 5633, 5635, 5636, 5638, 5640, 5641, 5642, 5643, 5645, 5646, 5648, 5649, 5652, 5653, 5656, 5657, 5658, 5660, 5661, 5662, 5663, 5665, 5666, 5667, 5668, 5671, 5672, 5677, 5686, 5687, 5689, 5691, 5694, 5699, 5700, 5706, 5708, 5710, 5715, 5716, 5722, 5727, 5730, 5732, 5733, 5734, 5736, 5737, 5738, 5740, 5743, 5744, 5745, 5748, 5758, 5759, 5761, 5784, 5785, 5786, 5787, 5794, 5795, 5797, 5799, 5801, 5803, 5810, 5811, 5814, 5815, 5817, 5819, 5822, 5823, 5824, 5825, 5827, 5828, 5829, 5830, 5831, 5834, 5835, 5836, 5837, 5839, 5841, 5843, 5845, 5846, 5847, 5848, 5849, 5851, 5853, 5855, 5857, 5858, 5863, 5864, 5867, 5868, 5869, 5870, 5875, 5877, 5879, 5881, 5883, 5884, 5886, 5888, 5889, 5898, 5899, 5900, 5901, 5902, 5904, 5905, 5908, 5909, 5910, 5911, 5914, 5915, 5916, 5917, 5918, 5921, 5922, 5923, 5924, 5926, 5927, 5928, 5931, 5932, 5934, 5935, 5937, 5938, 5940, 5941, 5942, 5945, 5946, 5947, 5948, 5949, 5952, 5953, 5956, 5957, 5958, 5961, 5962, 5964, 5966, 5967, 5968, 5969, 5970, 5972, 5973, 5974, 5975, 5976, 5978, 5979, 5980, 5982, 5983, 5984, 5985, 5988, 5989, 5991, 5992, 5993, 5994, 5995, 5997, 5999, 6000, 6002, 6003, 6006, 6007, 6008, 6009, 6011, 6012, 6013, 6014, 6016, 6018, 6019, 6020, 6021, 6023, 6025, 6026, 6031, 6032, 6033, 6034, 6035, 6036, 6038, 6039, 6042, 6043, 6044, 6045, 6048, 6049, 6051, 6058, 6059, 6060, 6061, 6062, 6063, 6064, 6066, 6068, 6071, 6072, 6074, 6076, 6081, 6082, 6083, 6084, 6086, 6088, 6090, 6091, 6093, 6096, 6097, 6098, 6099, 6101, 6102, 6104, 6105, 6108, 6109, 6110, 6111, 6112, 6114, 6115, 6116, 6117, 6118, 6121, 6122, 6123, 6124, 6125, 6126, 6127, 6128, 6131, 6132, 6135, 6136, 6137, 6139, 6142, 6144, 6145, 6146, 6147, 6148, 6149, 6150, 6151, 6152, 6153, 6154, 6155, 6157, 6158, 6159, 6160, 6162, 6164, 6166, 6168, 6169, 6178, 6179, 6211, 6219, 6221, 6222, 6227, 6228, 6268, 6276, 6278, 6279, 6284, 6286, 6294, 6297, 6298, 6300, 6301, 6303, 6304, 6305, 6306, 6314, 6315, 6318, 6319, 6320, 6321, 6323, 6324, 6325, 6326, 6327, 6328, 6329, 6330, 6331, 6332, 6333, 6335, 6336, 6337, 6338, 6339, 6341, 6343, 6344, 6349, 6350, 6358, 6359, 6360, 6363, 6366, 6367, 6368, 6370, 6371, 6372, 6373, 6374, 6375, 6376, 6377, 6378, 6379, 6380, 6383, 6384, 6386, 6387, 6388, 6390, 6391, 6392, 6393, 6394, 6396, 6398, 6400, 6401, 6406, 6407, 6415, 6416, 6418, 6420, 6421, 6426, 6427, 6454, 6462, 6464, 6465, 6470, 6472, 6473, 6475, 6515, 6523, 6525, 6526, 6531, 6532, 6597, 6605, 6607, 6608, 6613, 6614, 6615, 6617, 6650, 6658, 6660, 6661, 6666, 6667, 6740, 6748, 6750, 6751, 6760, 6761, 6764, 6796, 6804, 6805, 6807, 6810, 6833, 6841, 6842, 6844, 6846, 6848, 6849, 6854, 6855, 6917, 6925, 6926, 6928, 6930, 6931, 6936, 6937, 6978, 6986, 6988, 6989, 6994, 6995, 6996, 6998, 7023, 7031, 7033, 7034, 7039, 7040, 7048, 7049, 7051, 7052, 7054, 7055, 7057, 7059, 7060, 7065, 7066, 7124, 7132, 7134, 7135, 7140, 7141, 7176, 7184, 7186, 7187, 7192, 7193, 7229, 7237, 7239, 7240, 7243], "excluded_lines": [], "functions": {"ml_monitor_comprehensive_status": {"executed_lines": [], "summary": {"covered_lines": 0, "num_statements": 35, "percent_covered": 0.0, "percent_covered_display": "0", "missing_lines": 35, "excluded_lines": 0}, "missing_lines": [63, 64, 65, 66, 67, 69, 72, 73, 76, 77, 79, 80, 83, 84, 86, 87, 90, 91, 93, 94, 97, 98, 100, 101, 104, 105, 107, 108, 111, 112, 114, 115, 117, 119, 120], "excluded_lines": []}, "check_ml_system_processes": {"executed_lines": [], "summary": {"covered_lines": 0, "num_statements": 7, "percent_covered": 0.0, "percent_covered_display": "0", "missing_lines": 7, "excluded_lines": 0}, "missing_lines": [125, 126, 129, 177, 185, 187, 188], "excluded_lines": []}, "get_data_collection_summary": {"executed_lines": [], "summary": {"covered_lines": 0, "num_statements": 40, "percent_covered": 0.0, "percent_covered_display": "0", "missing_lines": 40, "excluded_lines": 0}, "missing_lines": [193, 194, 197, 198, 199, 200, 201, 204, 205, 206, 207, 208, 209, 212, 213, 215, 216, 217, 218, 221, 222, 223, 224, 225, 227, 228, 229, 230, 232, 234, 235, 237, 240, 247, 248, 249, 250, 252, 254, 255], "excluded_lines": []}, "assess_training_readiness": {"executed_lines": [], "summary": {"covered_lines": 0, "num_statements": 26, "percent_covered": 0.0, "percent_covered_display": "0", "missing_lines": 26, "excluded_lines": 0}, "missing_lines": [260, 261, 264, 270, 271, 273, 274, 275, 276, 279, 280, 281, 284, 286, 287, 288, 289, 292, 293, 295, 297, 298, 300, 302, 304, 305], "excluded_lines": []}, "analyze_data_quality": {"executed_lines": [], "summary": {"covered_lines": 0, "num_statements": 33, "percent_covered": 0.0, "percent_covered_display": "0", "missing_lines": 33, "excluded_lines": 0}, "missing_lines": [310, 311, 314, 317, 323, 324, 325, 326, 328, 331, 332, 333, 335, 336, 337, 338, 340, 341, 343, 346, 347, 348, 350, 351, 354, 355, 356, 357, 358, 359, 361, 363, 364], "excluded_lines": []}, "check_integration_bridge": {"executed_lines": [], "summary": {"covered_lines": 0, "num_statements": 42, "percent_covered": 0.0, "percent_covered_display": "0", "missing_lines": 42, "excluded_lines": 0}, "missing_lines": [369, 370, 373, 375, 376, 378, 379, 380, 381, 383, 384, 385, 386, 387, 390, 391, 392, 393, 394, 395, 396, 397, 399, 400, 401, 403, 404, 405, 408, 409, 412, 417, 418, 419, 422, 423, 424, 425, 426, 428, 430, 431], "excluded_lines": []}, "get_ml_engine_performance": {"executed_lines": [], "summary": {"covered_lines": 0, "num_statements": 24, "percent_covered": 0.0, "percent_covered_display": "0", "missing_lines": 24, "excluded_lines": 0}, "missing_lines": [436, 437, 440, 441, 444, 454, 455, 457, 460, 461, 463, 469, 470, 471, 472, 473, 474, 477, 478, 486, 487, 489, 491, 492], "excluded_lines": []}, "get_monitor_data": {"executed_lines": [], "summary": {"covered_lines": 0, "num_statements": 6, "percent_covered": 0.0, "percent_covered_display": "0", "missing_lines": 6, "excluded_lines": 0}, "missing_lines": [496, 498, 499, 505, 506, 507], "excluded_lines": []}, "load_user_preferences": {"executed_lines": [571, 572, 573, 574], "summary": {"covered_lines": 4, "num_statements": 8, "percent_covered": 50.0, "percent_covered_display": "50", "missing_lines": 4, "excluded_lines": 0}, "missing_lines": [575, 576, 577, 578], "excluded_lines": []}, "save_user_preferences": {"executed_lines": [582, 583, 584], "summary": {"covered_lines": 3, "num_statements": 5, "percent_covered": 60.0, "percent_covered_display": "60", "missing_lines": 2, "excluded_lines": 0}, "missing_lines": [585, 586], "excluded_lines": []}, "set_user_preference": {"executed_lines": [591, 592, 593, 594, 595, 596, 597], "summary": {"covered_lines": 7, "num_statements": 9, "percent_covered": 77.77777777777777, "percent_covered_display": "78", "missing_lines": 2, "excluded_lines": 0}, "missing_lines": [598, 599], "excluded_lines": []}, "get_user_preference": {"executed_lines": [604, 605, 606, 609], "summary": {"covered_lines": 4, "num_statements": 7, "percent_covered": 57.142857142857146, "percent_covered_display": "57", "missing_lines": 3, "excluded_lines": 0}, "missing_lines": [607, 610, 611], "excluded_lines": []}, "list_user_preferences": {"executed_lines": [], "summary": {"covered_lines": 0, "num_statements": 13, "percent_covered": 0.0, "percent_covered_display": "0", "missing_lines": 13, "excluded_lines": 0}, "missing_lines": [616, 617, 618, 619, 620, 621, 622, 623, 624, 625, 626, 627, 628], "excluded_lines": []}, "open_youtube_with_search": {"executed_lines": [], "summary": {"covered_lines": 0, "num_statements": 9, "percent_covered": 0.0, "percent_covered_display": "0", "missing_lines": 9, "excluded_lines": 0}, "missing_lines": [637, 638, 639, 640, 642, 643, 644, 645, 646], "excluded_lines": []}, "play_favorite_song": {"executed_lines": [], "summary": {"covered_lines": 0, "num_statements": 8, "percent_covered": 0.0, "percent_covered_display": "0", "missing_lines": 8, "excluded_lines": 0}, "missing_lines": [651, 652, 653, 654, 655, 657, 658, 659], "excluded_lines": []}, "open_app_with_url": {"executed_lines": [], "summary": {"covered_lines": 0, "num_statements": 8, "percent_covered": 0.0, "percent_covered_display": "0", "missing_lines": 8, "excluded_lines": 0}, "missing_lines": [664, 665, 675, 676, 677, 678, 679, 680], "excluded_lines": []}, "smart_music_action": {"executed_lines": [], "summary": {"covered_lines": 0, "num_statements": 10, "percent_covered": 0.0, "percent_covered_display": "0", "missing_lines": 10, "excluded_lines": 0}, "missing_lines": [685, 686, 687, 688, 689, 690, 691, 693, 694, 695], "excluded_lines": []}, "add_to_playlist": {"executed_lines": [], "summary": {"covered_lines": 0, "num_statements": 13, "percent_covered": 0.0, "percent_covered_display": "0", "missing_lines": 13, "excluded_lines": 0}, "missing_lines": [700, 701, 702, 703, 704, 705, 706, 707, 708, 709, 711, 712, 713], "excluded_lines": []}, "show_playlist": {"executed_lines": [], "summary": {"covered_lines": 0, "num_statements": 10, "percent_covered": 0.0, "percent_covered_display": "0", "missing_lines": 10, "excluded_lines": 0}, "missing_lines": [718, 719, 720, 721, 722, 723, 725, 727, 728, 729], "excluded_lines": []}, "get_system_info": {"executed_lines": [], "summary": {"covered_lines": 0, "num_statements": 20, "percent_covered": 0.0, "percent_covered_display": "0", "missing_lines": 20, "excluded_lines": 0}, "missing_lines": [734, 735, 736, 737, 738, 739, 740, 741, 742, 743, 744, 745, 746, 747, 748, 749, 750, 751, 752, 753], "excluded_lines": []}, "list_processes": {"executed_lines": [], "summary": {"covered_lines": 0, "num_statements": 11, "percent_covered": 0.0, "percent_covered_display": "0", "missing_lines": 11, "excluded_lines": 0}, "missing_lines": [758, 759, 760, 761, 762, 763, 764, 765, 766, 767, 768], "excluded_lines": []}, "get_installed_programs": {"executed_lines": [], "summary": {"covered_lines": 0, "num_statements": 29, "percent_covered": 0.0, "percent_covered_display": "0", "missing_lines": 29, "excluded_lines": 0}, "missing_lines": [773, 774, 777, 782, 783, 784, 785, 786, 787, 788, 789, 790, 791, 792, 793, 794, 795, 796, 797, 798, 799, 800, 801, 804, 806, 807, 809, 810, 811], "excluded_lines": []}, "get_startup_programs": {"executed_lines": [], "summary": {"covered_lines": 0, "num_statements": 19, "percent_covered": 0.0, "percent_covered_display": "0", "missing_lines": 19, "excluded_lines": 0}, "missing_lines": [816, 817, 820, 825, 826, 827, 828, 829, 830, 831, 832, 833, 834, 835, 837, 838, 840, 841, 842], "excluded_lines": []}, "run_command": {"executed_lines": [], "summary": {"covered_lines": 0, "num_statements": 13, "percent_covered": 0.0, "percent_covered_display": "0", "missing_lines": 13, "excluded_lines": 0}, "missing_lines": [847, 848, 853, 854, 855, 862, 863, 864, 865, 866, 867, 868, 869], "excluded_lines": []}, "next_photo": {"executed_lines": [], "summary": {"covered_lines": 0, "num_statements": 5, "percent_covered": 0.0, "percent_covered_display": "0", "missing_lines": 5, "excluded_lines": 0}, "missing_lines": [880, 881, 882, 883, 884], "excluded_lines": []}, "previous_photo": {"executed_lines": [], "summary": {"covered_lines": 0, "num_statements": 5, "percent_covered": 0.0, "percent_covered_display": "0", "missing_lines": 5, "excluded_lines": 0}, "missing_lines": [889, 890, 891, 892, 893], "excluded_lines": []}, "first_photo": {"executed_lines": [], "summary": {"covered_lines": 0, "num_statements": 5, "percent_covered": 0.0, "percent_covered_display": "0", "missing_lines": 5, "excluded_lines": 0}, "missing_lines": [898, 899, 900, 901, 902], "excluded_lines": []}, "last_photo": {"executed_lines": [], "summary": {"covered_lines": 0, "num_statements": 5, "percent_covered": 0.0, "percent_covered_display": "0", "missing_lines": 5, "excluded_lines": 0}, "missing_lines": [907, 908, 909, 910, 911], "excluded_lines": []}, "record_user_action": {"executed_lines": [], "summary": {"covered_lines": 0, "num_statements": 7, "percent_covered": 0.0, "percent_covered_display": "0", "missing_lines": 7, "excluded_lines": 0}, "missing_lines": [999, 1000, 1002, 1003, 1004, 1005, 1006], "excluded_lines": []}, "record_system_metrics": {"executed_lines": [], "summary": {"covered_lines": 0, "num_statements": 7, "percent_covered": 0.0, "percent_covered_display": "0", "missing_lines": 7, "excluded_lines": 0}, "missing_lines": [1011, 1012, 1014, 1015, 1016, 1017, 1018], "excluded_lines": []}, "train_behavior_model": {"executed_lines": [], "summary": {"covered_lines": 0, "num_statements": 9, "percent_covered": 0.0, "percent_covered_display": "0", "missing_lines": 9, "excluded_lines": 0}, "missing_lines": [1023, 1024, 1026, 1027, 1028, 1029, 1031, 1035, 1036], "excluded_lines": []}, "predict_next_action": {"executed_lines": [], "summary": {"covered_lines": 0, "num_statements": 16, "percent_covered": 0.0, "percent_covered_display": "0", "missing_lines": 16, "excluded_lines": 0}, "missing_lines": [1041, 1042, 1044, 1045, 1046, 1047, 1048, 1049, 1050, 1051, 1053, 1054, 1055, 1057, 1060, 1061], "excluded_lines": []}, "train_system_optimizer": {"executed_lines": [], "summary": {"covered_lines": 0, "num_statements": 9, "percent_covered": 0.0, "percent_covered_display": "0", "missing_lines": 9, "excluded_lines": 0}, "missing_lines": [1066, 1067, 1069, 1070, 1071, 1072, 1074, 1078, 1079], "excluded_lines": []}, "predict_system_load": {"executed_lines": [], "summary": {"covered_lines": 0, "num_statements": 9, "percent_covered": 0.0, "percent_covered_display": "0", "missing_lines": 9, "excluded_lines": 0}, "missing_lines": [1084, 1085, 1087, 1088, 1089, 1090, 1092, 1096, 1097], "excluded_lines": []}, "get_automation_recommendations": {"executed_lines": [], "summary": {"covered_lines": 0, "num_statements": 17, "percent_covered": 0.0, "percent_covered_display": "0", "missing_lines": 17, "excluded_lines": 0}, "missing_lines": [1102, 1103, 1105, 1106, 1108, 1109, 1111, 1113, 1114, 1115, 1116, 1117, 1118, 1119, 1121, 1122, 1123], "excluded_lines": []}, "get_ml_stats": {"executed_lines": [], "summary": {"covered_lines": 0, "num_statements": 55, "percent_covered": 0.0, "percent_covered_display": "0", "missing_lines": 55, "excluded_lines": 0}, "missing_lines": [1128, 1129, 1131, 1133, 1134, 1135, 1138, 1139, 1141, 1142, 1143, 1144, 1146, 1147, 1148, 1149, 1150, 1151, 1152, 1154, 1157, 1158, 1159, 1160, 1161, 1162, 1164, 1166, 1168, 1171, 1172, 1173, 1176, 1177, 1179, 1180, 1181, 1183, 1184, 1185, 1187, 1188, 1189, 1190, 1192, 1193, 1194, 1196, 1197, 1198, 1199, 1200, 1202, 1203, 1204], "excluded_lines": []}, "auto_optimize_system": {"executed_lines": [], "summary": {"covered_lines": 0, "num_statements": 26, "percent_covered": 0.0, "percent_covered_display": "0", "missing_lines": 26, "excluded_lines": 0}, "missing_lines": [1209, 1210, 1212, 1214, 1216, 1217, 1219, 1220, 1222, 1225, 1226, 1230, 1231, 1232, 1235, 1237, 1238, 1239, 1241, 1242, 1243, 1244, 1246, 1248, 1249, 1250], "excluded_lines": []}, "get_last_metric": {"executed_lines": [], "summary": {"covered_lines": 0, "num_statements": 10, "percent_covered": 0.0, "percent_covered_display": "0", "missing_lines": 10, "excluded_lines": 0}, "missing_lines": [1255, 1256, 1257, 1258, 1259, 1260, 1261, 1268, 1269, 1270], "excluded_lines": []}, "start_ml_monitoring": {"executed_lines": [], "summary": {"covered_lines": 0, "num_statements": 17, "percent_covered": 0.0, "percent_covered_display": "0", "missing_lines": 17, "excluded_lines": 0}, "missing_lines": [1275, 1276, 1278, 1280, 1284, 1285, 1286, 1288, 1289, 1290, 1294, 1296, 1298, 1299, 1300, 1322, 1323], "excluded_lines": []}, "stop_ml_monitoring": {"executed_lines": [], "summary": {"covered_lines": 0, "num_statements": 16, "percent_covered": 0.0, "percent_covered_display": "0", "missing_lines": 16, "excluded_lines": 0}, "missing_lines": [1328, 1329, 1331, 1333, 1334, 1335, 1336, 1337, 1338, 1339, 1342, 1344, 1345, 1347, 1348, 1349], "excluded_lines": []}, "auto_start_ml_monitoring": {"executed_lines": [1379], "summary": {"covered_lines": 1, "num_statements": 4, "percent_covered": 25.0, "percent_covered_display": "25", "missing_lines": 3, "excluded_lines": 0}, "missing_lines": [1380, 1381, 1383], "excluded_lines": []}, "background_monitoring": {"executed_lines": [], "summary": {"covered_lines": 0, "num_statements": 72, "percent_covered": 0.0, "percent_covered_display": "0", "missing_lines": 72, "excluded_lines": 0}, "missing_lines": [1398, 1399, 1401, 1402, 1404, 1405, 1407, 1410, 1411, 1412, 1413, 1414, 1415, 1417, 1418, 1419, 1420, 1421, 1424, 1425, 1427, 1428, 1429, 1430, 1431, 1434, 1435, 1438, 1439, 1440, 1442, 1443, 1444, 1445, 1446, 1447, 1448, 1449, 1450, 1453, 1454, 1455, 1456, 1457, 1458, 1459, 1460, 1461, 1462, 1465, 1466, 1468, 1470, 1471, 1472, 1473, 1474, 1475, 1478, 1479, 1482, 1483, 1486, 1489, 1491, 1492, 1493, 1496, 1497, 1498, 1500, 1502], "excluded_lines": []}, "start_background_monitoring": {"executed_lines": [], "summary": {"covered_lines": 0, "num_statements": 8, "percent_covered": 0.0, "percent_covered_display": "0", "missing_lines": 8, "excluded_lines": 0}, "missing_lines": [1508, 1509, 1510, 1511, 1512, 1513, 1515, 1516], "excluded_lines": []}, "stop_background_monitoring": {"executed_lines": [], "summary": {"covered_lines": 0, "num_statements": 6, "percent_covered": 0.0, "percent_covered_display": "0", "missing_lines": 6, "excluded_lines": 0}, "missing_lines": [1522, 1523, 1524, 1525, 1527, 1528], "excluded_lines": []}, "get_window_list": {"executed_lines": [], "summary": {"covered_lines": 0, "num_statements": 13, "percent_covered": 0.0, "percent_covered_display": "0", "missing_lines": 13, "excluded_lines": 0}, "missing_lines": [1533, 1534, 1536, 1537, 1538, 1539, 1540, 1541, 1543, 1544, 1546, 1547, 1548], "excluded_lines": []}, "focus_window": {"executed_lines": [], "summary": {"covered_lines": 0, "num_statements": 14, "percent_covered": 0.0, "percent_covered_display": "0", "missing_lines": 14, "excluded_lines": 0}, "missing_lines": [1553, 1554, 1556, 1557, 1558, 1560, 1561, 1563, 1564, 1565, 1566, 1568, 1569, 1570], "excluded_lines": []}, "take_screenshot": {"executed_lines": [], "summary": {"covered_lines": 0, "num_statements": 8, "percent_covered": 0.0, "percent_covered_display": "0", "missing_lines": 8, "excluded_lines": 0}, "missing_lines": [1575, 1576, 1578, 1579, 1580, 1581, 1582, 1583], "excluded_lines": []}, "click_at_coordinates": {"executed_lines": [], "summary": {"covered_lines": 0, "num_statements": 11, "percent_covered": 0.0, "percent_covered_display": "0", "missing_lines": 11, "excluded_lines": 0}, "missing_lines": [1588, 1589, 1591, 1592, 1593, 1594, 1595, 1597, 1598, 1599, 1600], "excluded_lines": []}, "type_text": {"executed_lines": [], "summary": {"covered_lines": 0, "num_statements": 7, "percent_covered": 0.0, "percent_covered_display": "0", "missing_lines": 7, "excluded_lines": 0}, "missing_lines": [1605, 1606, 1608, 1609, 1610, 1611, 1612], "excluded_lines": []}, "send_keyboard_shortcut": {"executed_lines": [], "summary": {"covered_lines": 0, "num_statements": 8, "percent_covered": 0.0, "percent_covered_display": "0", "missing_lines": 8, "excluded_lines": 0}, "missing_lines": [1617, 1618, 1620, 1621, 1622, 1623, 1624, 1625], "excluded_lines": []}, "find_image_on_screen": {"executed_lines": [], "summary": {"covered_lines": 0, "num_statements": 12, "percent_covered": 0.0, "percent_covered_display": "0", "missing_lines": 12, "excluded_lines": 0}, "missing_lines": [1630, 1631, 1633, 1634, 1635, 1637, 1638, 1639, 1640, 1642, 1643, 1644], "excluded_lines": []}, "click_image_if_found": {"executed_lines": [], "summary": {"covered_lines": 0, "num_statements": 13, "percent_covered": 0.0, "percent_covered_display": "0", "missing_lines": 13, "excluded_lines": 0}, "missing_lines": [1649, 1650, 1652, 1653, 1654, 1656, 1657, 1658, 1659, 1660, 1662, 1663, 1664], "excluded_lines": []}, "scroll_screen": {"executed_lines": [], "summary": {"covered_lines": 0, "num_statements": 11, "percent_covered": 0.0, "percent_covered_display": "0", "missing_lines": 11, "excluded_lines": 0}, "missing_lines": [1669, 1670, 1672, 1673, 1674, 1675, 1676, 1678, 1680, 1681, 1682], "excluded_lines": []}, "drag_and_drop": {"executed_lines": [], "summary": {"covered_lines": 0, "num_statements": 7, "percent_covered": 0.0, "percent_covered_display": "0", "missing_lines": 7, "excluded_lines": 0}, "missing_lines": [1687, 1688, 1690, 1691, 1692, 1693, 1694], "excluded_lines": []}, "get_mouse_position": {"executed_lines": [], "summary": {"covered_lines": 0, "num_statements": 7, "percent_covered": 0.0, "percent_covered_display": "0", "missing_lines": 7, "excluded_lines": 0}, "missing_lines": [1699, 1700, 1702, 1703, 1704, 1705, 1706], "excluded_lines": []}, "move_mouse": {"executed_lines": [], "summary": {"covered_lines": 0, "num_statements": 7, "percent_covered": 0.0, "percent_covered_display": "0", "missing_lines": 7, "excluded_lines": 0}, "missing_lines": [1711, 1712, 1714, 1715, 1716, 1717, 1718], "excluded_lines": []}, "wifi_profiles_list": {"executed_lines": [], "summary": {"covered_lines": 0, "num_statements": 36, "percent_covered": 0.0, "percent_covered_display": "0", "missing_lines": 36, "excluded_lines": 0}, "missing_lines": [6284, 6286, 6294, 6297, 6298, 6300, 6301, 6303, 6304, 6305, 6306, 6314, 6315, 6318, 6319, 6320, 6321, 6323, 6324, 6325, 6326, 6327, 6328, 6329, 6330, 6331, 6332, 6333, 6335, 6336, 6337, 6338, 6339, 6341, 6343, 6344], "excluded_lines": []}, "wifi_scan_networks": {"executed_lines": [], "summary": {"covered_lines": 0, "num_statements": 6, "percent_covered": 0.0, "percent_covered_display": "0", "missing_lines": 6, "excluded_lines": 0}, "missing_lines": [1742, 1743, 1752, 1760, 1761, 1762], "excluded_lines": []}, "wifi_connect_profile": {"executed_lines": [], "summary": {"covered_lines": 0, "num_statements": 7, "percent_covered": 0.0, "percent_covered_display": "0", "missing_lines": 7, "excluded_lines": 0}, "missing_lines": [1767, 1768, 1776, 1777, 1779, 1780, 1781], "excluded_lines": []}, "wifi_disconnect": {"executed_lines": [], "summary": {"covered_lines": 0, "num_statements": 7, "percent_covered": 0.0, "percent_covered_display": "0", "missing_lines": 7, "excluded_lines": 0}, "missing_lines": [1786, 1787, 1795, 1796, 1798, 1799, 1800], "excluded_lines": []}, "wifi_delete_profile": {"executed_lines": [], "summary": {"covered_lines": 0, "num_statements": 7, "percent_covered": 0.0, "percent_covered_display": "0", "missing_lines": 7, "excluded_lines": 0}, "missing_lines": [1805, 1806, 1814, 1815, 1817, 1818, 1819], "excluded_lines": []}, "wifi_show_profile_details": {"executed_lines": [], "summary": {"covered_lines": 0, "num_statements": 5, "percent_covered": 0.0, "percent_covered_display": "0", "missing_lines": 5, "excluded_lines": 0}, "missing_lines": [1824, 1825, 1833, 1834, 1835], "excluded_lines": []}, "wifi_show_interfaces": {"executed_lines": [], "summary": {"covered_lines": 0, "num_statements": 5, "percent_covered": 0.0, "percent_covered_display": "0", "missing_lines": 5, "excluded_lines": 0}, "missing_lines": [1840, 1841, 1849, 1850, 1851], "excluded_lines": []}, "wifi_show_drivers": {"executed_lines": [], "summary": {"covered_lines": 0, "num_statements": 5, "percent_covered": 0.0, "percent_covered_display": "0", "missing_lines": 5, "excluded_lines": 0}, "missing_lines": [1856, 1857, 1865, 1866, 1867], "excluded_lines": []}, "wifi_export_profile": {"executed_lines": [], "summary": {"covered_lines": 0, "num_statements": 7, "percent_covered": 0.0, "percent_covered_display": "0", "missing_lines": 7, "excluded_lines": 0}, "missing_lines": [1872, 1873, 1881, 1882, 1884, 1885, 1886], "excluded_lines": []}, "wifi_import_profile": {"executed_lines": [], "summary": {"covered_lines": 0, "num_statements": 9, "percent_covered": 0.0, "percent_covered_display": "0", "missing_lines": 9, "excluded_lines": 0}, "missing_lines": [1891, 1892, 1893, 1895, 1903, 1904, 1906, 1907, 1908], "excluded_lines": []}, "wifi_create_hotspot": {"executed_lines": [], "summary": {"covered_lines": 0, "num_statements": 10, "percent_covered": 0.0, "percent_covered_display": "0", "missing_lines": 10, "excluded_lines": 0}, "missing_lines": [1913, 1915, 1923, 1924, 1927, 1935, 1936, 1938, 1939, 1940], "excluded_lines": []}, "wifi_stop_hotspot": {"executed_lines": [], "summary": {"covered_lines": 0, "num_statements": 7, "percent_covered": 0.0, "percent_covered_display": "0", "missing_lines": 7, "excluded_lines": 0}, "missing_lines": [1945, 1946, 1954, 1955, 1957, 1958, 1959], "excluded_lines": []}, "wifi_hotspot_status": {"executed_lines": [], "summary": {"covered_lines": 0, "num_statements": 5, "percent_covered": 0.0, "percent_covered_display": "0", "missing_lines": 5, "excluded_lines": 0}, "missing_lines": [1964, 1965, 1973, 1974, 1975], "excluded_lines": []}, "wifi_signal_strength": {"executed_lines": [], "summary": {"covered_lines": 0, "num_statements": 6, "percent_covered": 0.0, "percent_covered_display": "0", "missing_lines": 6, "excluded_lines": 0}, "missing_lines": [1980, 1982, 1991, 1999, 2000, 2001], "excluded_lines": []}, "wifi_network_report": {"executed_lines": [], "summary": {"covered_lines": 0, "num_statements": 5, "percent_covered": 0.0, "percent_covered_display": "0", "missing_lines": 5, "excluded_lines": 0}, "missing_lines": [2006, 2008, 2016, 2017, 2018], "excluded_lines": []}, "wifi_adapter_reset": {"executed_lines": [], "summary": {"covered_lines": 0, "num_statements": 8, "percent_covered": 0.0, "percent_covered_display": "0", "missing_lines": 8, "excluded_lines": 0}, "missing_lines": [2023, 2025, 2034, 2042, 2044, 2052, 2053, 2054], "excluded_lines": []}, "wifi_troubleshoot": {"executed_lines": [], "summary": {"covered_lines": 0, "num_statements": 6, "percent_covered": 0.0, "percent_covered_display": "0", "missing_lines": 6, "excluded_lines": 0}, "missing_lines": [2059, 2061, 2070, 2078, 2079, 2080], "excluded_lines": []}, "wifi_power_management": {"executed_lines": [], "summary": {"covered_lines": 0, "num_statements": 5, "percent_covered": 0.0, "percent_covered_display": "0", "missing_lines": 5, "excluded_lines": 0}, "missing_lines": [2085, 2087, 2095, 2096, 2097], "excluded_lines": []}, "wifi_security_audit": {"executed_lines": [], "summary": {"covered_lines": 0, "num_statements": 29, "percent_covered": 0.0, "percent_covered_display": "0", "missing_lines": 29, "excluded_lines": 0}, "missing_lines": [2102, 2103, 2106, 2115, 2116, 2117, 2118, 2119, 2121, 2122, 2124, 2125, 2127, 2136, 2137, 2139, 2140, 2141, 2142, 2143, 2144, 2145, 2146, 2148, 2150, 2151, 2153, 2154, 2155], "excluded_lines": []}, "ChromeAutomation.__init__": {"executed_lines": [2163, 2164, 2165, 2166, 2167], "summary": {"covered_lines": 5, "num_statements": 5, "percent_covered": 100.0, "percent_covered_display": "100", "missing_lines": 0, "excluded_lines": 0}, "missing_lines": [], "excluded_lines": []}, "ChromeAutomation.start_chrome": {"executed_lines": [], "summary": {"covered_lines": 0, "num_statements": 20, "percent_covered": 0.0, "percent_covered_display": "0", "missing_lines": 20, "excluded_lines": 0}, "missing_lines": [2171, 2173, 2174, 2177, 2183, 2184, 2185, 2186, 2187, 2189, 2190, 2193, 2204, 2205, 2208, 2209, 2211, 2213, 2214, 2215], "excluded_lines": []}, "ChromeAutomation.is_chrome_running": {"executed_lines": [], "summary": {"covered_lines": 0, "num_statements": 5, "percent_covered": 0.0, "percent_covered_display": "0", "missing_lines": 5, "excluded_lines": 0}, "missing_lines": [2219, 2220, 2221, 2222, 2223], "excluded_lines": []}, "ChromeAutomation.connect_to_chrome": {"executed_lines": [], "summary": {"covered_lines": 0, "num_statements": 12, "percent_covered": 0.0, "percent_covered_display": "0", "missing_lines": 12, "excluded_lines": 0}, "missing_lines": [2227, 2229, 2230, 2231, 2233, 2234, 2235, 2238, 2239, 2241, 2242, 2243], "excluded_lines": []}, "ChromeAutomation.send_command": {"executed_lines": [], "summary": {"covered_lines": 0, "num_statements": 9, "percent_covered": 0.0, "percent_covered_display": "0", "missing_lines": 9, "excluded_lines": 0}, "missing_lines": [2247, 2248, 2249, 2253, 2260, 2261, 2263, 2265, 2266], "excluded_lines": []}, "ChromeAutomation.navigate_to_url": {"executed_lines": [], "summary": {"covered_lines": 0, "num_statements": 10, "percent_covered": 0.0, "percent_covered_display": "0", "missing_lines": 10, "excluded_lines": 0}, "missing_lines": [2270, 2272, 2277, 2278, 2279, 2280, 2282, 2284, 2285, 2286], "excluded_lines": []}, "ChromeAutomation.get_cookies": {"executed_lines": [], "summary": {"covered_lines": 0, "num_statements": 7, "percent_covered": 0.0, "percent_covered_display": "0", "missing_lines": 7, "excluded_lines": 0}, "missing_lines": [2290, 2292, 2293, 2294, 2295, 2296, 2297], "excluded_lines": []}, "ChromeAutomation.set_cookie": {"executed_lines": [], "summary": {"covered_lines": 0, "num_statements": 10, "percent_covered": 0.0, "percent_covered_display": "0", "missing_lines": 10, "excluded_lines": 0}, "missing_lines": [2301, 2302, 2303, 2304, 2306, 2307, 2308, 2309, 2310, 2311], "excluded_lines": []}, "ChromeAutomation.clear_cookies": {"executed_lines": [], "summary": {"covered_lines": 0, "num_statements": 7, "percent_covered": 0.0, "percent_covered_display": "0", "missing_lines": 7, "excluded_lines": 0}, "missing_lines": [2315, 2316, 2317, 2318, 2319, 2320, 2321], "excluded_lines": []}, "ChromeAutomation.execute_javascript": {"executed_lines": [], "summary": {"covered_lines": 0, "num_statements": 12, "percent_covered": 0.0, "percent_covered_display": "0", "missing_lines": 12, "excluded_lines": 0}, "missing_lines": [2325, 2328, 2329, 2330, 2331, 2332, 2333, 2334, 2335, 2337, 2338, 2339], "excluded_lines": []}, "ChromeAutomation.find_and_click_cookie_buttons": {"executed_lines": [], "summary": {"covered_lines": 0, "num_statements": 19, "percent_covered": 0.0, "percent_covered_display": "0", "missing_lines": 19, "excluded_lines": 0}, "missing_lines": [2343, 2346, 2354, 2356, 2360, 2361, 2363, 2364, 2365, 2366, 2367, 2368, 2369, 2370, 2371, 2373, 2375, 2376, 2377], "excluded_lines": []}, "ChromeAutomation.auto_accept_cookies": {"executed_lines": [], "summary": {"covered_lines": 0, "num_statements": 26, "percent_covered": 0.0, "percent_covered_display": "0", "missing_lines": 26, "excluded_lines": 0}, "missing_lines": [2381, 2382, 2385, 2395, 2398, 2399, 2401, 2402, 2405, 2406, 2407, 2409, 2410, 2413, 2419, 2420, 2421, 2422, 2423, 2424, 2425, 2427, 2428, 2430, 2432, 2433], "excluded_lines": []}, "ChromeAutomation.save_cookies_for_domain": {"executed_lines": [], "summary": {"covered_lines": 0, "num_statements": 12, "percent_covered": 0.0, "percent_covered_display": "0", "missing_lines": 12, "excluded_lines": 0}, "missing_lines": [2437, 2438, 2439, 2442, 2443, 2444, 2445, 2446, 2448, 2449, 2450, 2451], "excluded_lines": []}, "ChromeAutomation.load_cookies_for_domain": {"executed_lines": [], "summary": {"covered_lines": 0, "num_statements": 12, "percent_covered": 0.0, "percent_covered_display": "0", "missing_lines": 12, "excluded_lines": 0}, "missing_lines": [2455, 2456, 2457, 2458, 2459, 2460, 2461, 2462, 2463, 2464, 2465, 2466], "excluded_lines": []}, "ChromeAutomation.close_chrome": {"executed_lines": [], "summary": {"covered_lines": 0, "num_statements": 4, "percent_covered": 0.0, "percent_covered_display": "0", "missing_lines": 4, "excluded_lines": 0}, "missing_lines": [2470, 2471, 2472, 2473], "excluded_lines": []}, "start_web_automation": {"executed_lines": [], "summary": {"covered_lines": 0, "num_statements": 8, "percent_covered": 0.0, "percent_covered_display": "0", "missing_lines": 8, "excluded_lines": 0}, "missing_lines": [2481, 2482, 2484, 2485, 2486, 2488, 2489, 2490], "excluded_lines": []}, "navigate_to_url": {"executed_lines": [], "summary": {"covered_lines": 0, "num_statements": 8, "percent_covered": 0.0, "percent_covered_display": "0", "missing_lines": 8, "excluded_lines": 0}, "missing_lines": [2495, 2496, 2498, 2499, 2500, 2502, 2503, 2504], "excluded_lines": []}, "find_and_click_element": {"executed_lines": [], "summary": {"covered_lines": 0, "num_statements": 20, "percent_covered": 0.0, "percent_covered_display": "0", "missing_lines": 20, "excluded_lines": 0}, "missing_lines": [2509, 2510, 2512, 2514, 2515, 2516, 2517, 2518, 2519, 2520, 2521, 2522, 2523, 2525, 2527, 2528, 2529, 2531, 2532, 2533], "excluded_lines": []}, "type_in_element": {"executed_lines": [], "summary": {"covered_lines": 0, "num_statements": 14, "percent_covered": 0.0, "percent_covered_display": "0", "missing_lines": 14, "excluded_lines": 0}, "missing_lines": [2538, 2539, 2541, 2542, 2543, 2545, 2553, 2554, 2556, 2559, 2560, 2561, 2562, 2563], "excluded_lines": []}, "get_page_title": {"executed_lines": [], "summary": {"covered_lines": 0, "num_statements": 9, "percent_covered": 0.0, "percent_covered_display": "0", "missing_lines": 9, "excluded_lines": 0}, "missing_lines": [2568, 2569, 2571, 2572, 2573, 2575, 2576, 2577, 2578], "excluded_lines": []}, "close_web_automation": {"executed_lines": [], "summary": {"covered_lines": 0, "num_statements": 7, "percent_covered": 0.0, "percent_covered_display": "0", "missing_lines": 7, "excluded_lines": 0}, "missing_lines": [2583, 2584, 2586, 2587, 2588, 2589, 2590], "excluded_lines": []}, "office_execute_command": {"executed_lines": [], "summary": {"covered_lines": 0, "num_statements": 6, "percent_covered": 0.0, "percent_covered_display": "0", "missing_lines": 6, "excluded_lines": 0}, "missing_lines": [2604, 2605, 2606, 2607, 2608, 2609], "excluded_lines": []}, "word_insert_text": {"executed_lines": [], "summary": {"covered_lines": 0, "num_statements": 6, "percent_covered": 0.0, "percent_covered_display": "0", "missing_lines": 6, "excluded_lines": 0}, "missing_lines": [2614, 2615, 2616, 2617, 2618, 2619], "excluded_lines": []}, "word_replace_all_text": {"executed_lines": [], "summary": {"covered_lines": 0, "num_statements": 6, "percent_covered": 0.0, "percent_covered_display": "0", "missing_lines": 6, "excluded_lines": 0}, "missing_lines": [2624, 2625, 2626, 2627, 2628, 2629], "excluded_lines": []}, "excel_set_range_values": {"executed_lines": [], "summary": {"covered_lines": 0, "num_statements": 7, "percent_covered": 0.0, "percent_covered_display": "0", "missing_lines": 7, "excluded_lines": 0}, "missing_lines": [2634, 2635, 2636, 2637, 2638, 2639, 2640], "excluded_lines": []}, "excel_add_worksheet": {"executed_lines": [], "summary": {"covered_lines": 0, "num_statements": 6, "percent_covered": 0.0, "percent_covered_display": "0", "missing_lines": 6, "excluded_lines": 0}, "missing_lines": [2645, 2646, 2647, 2648, 2649, 2650], "excluded_lines": []}, "powerpoint_insert_slide": {"executed_lines": [], "summary": {"covered_lines": 0, "num_statements": 6, "percent_covered": 0.0, "percent_covered_display": "0", "missing_lines": 6, "excluded_lines": 0}, "missing_lines": [2655, 2656, 2657, 2658, 2659, 2660], "excluded_lines": []}, "outlook_create_draft": {"executed_lines": [], "summary": {"covered_lines": 0, "num_statements": 6, "percent_covered": 0.0, "percent_covered_display": "0", "missing_lines": 6, "excluded_lines": 0}, "missing_lines": [2665, 2666, 2667, 2668, 2669, 2670], "excluded_lines": []}, "office_get_supported_commands": {"executed_lines": [], "summary": {"covered_lines": 0, "num_statements": 7, "percent_covered": 0.0, "percent_covered_display": "0", "missing_lines": 7, "excluded_lines": 0}, "missing_lines": [2675, 2676, 2677, 2678, 2680, 2685, 2686], "excluded_lines": []}, "office_create_manifest": {"executed_lines": [], "summary": {"covered_lines": 0, "num_statements": 8, "percent_covered": 0.0, "percent_covered_display": "0", "missing_lines": 8, "excluded_lines": 0}, "missing_lines": [2691, 2692, 2724, 2725, 2726, 2728, 2729, 2730], "excluded_lines": []}, "spotify_close_app": {"executed_lines": [], "summary": {"covered_lines": 0, "num_statements": 5, "percent_covered": 0.0, "percent_covered_display": "0", "missing_lines": 5, "excluded_lines": 0}, "missing_lines": [2737, 2738, 2739, 2740, 2741], "excluded_lines": []}, "spotify_minimize_window": {"executed_lines": [], "summary": {"covered_lines": 0, "num_statements": 7, "percent_covered": 0.0, "percent_covered_display": "0", "missing_lines": 7, "excluded_lines": 0}, "missing_lines": [2746, 2747, 2748, 2749, 2750, 2751, 2752], "excluded_lines": []}, "spotify_maximize_window": {"executed_lines": [], "summary": {"covered_lines": 0, "num_statements": 7, "percent_covered": 0.0, "percent_covered_display": "0", "missing_lines": 7, "excluded_lines": 0}, "missing_lines": [2757, 2758, 2759, 2760, 2761, 2762, 2763], "excluded_lines": []}, "spotify_click_element": {"executed_lines": [], "summary": {"covered_lines": 0, "num_statements": 7, "percent_covered": 0.0, "percent_covered_display": "0", "missing_lines": 7, "excluded_lines": 0}, "missing_lines": [2768, 2769, 2772, 2773, 2774, 2775, 2776], "excluded_lines": []}, "spotify_scroll_playlist": {"executed_lines": [], "summary": {"covered_lines": 0, "num_statements": 9, "percent_covered": 0.0, "percent_covered_display": "0", "missing_lines": 9, "excluded_lines": 0}, "missing_lines": [2781, 2782, 2783, 2784, 2785, 2786, 2787, 2788, 2789], "excluded_lines": []}, "spotify_press_key": {"executed_lines": [], "summary": {"covered_lines": 0, "num_statements": 7, "percent_covered": 0.0, "percent_covered_display": "0", "missing_lines": 7, "excluded_lines": 0}, "missing_lines": [2794, 2795, 2796, 2797, 2798, 2799, 2800], "excluded_lines": []}, "spotify_refresh_playlists": {"executed_lines": [], "summary": {"covered_lines": 0, "num_statements": 6, "percent_covered": 0.0, "percent_covered_display": "0", "missing_lines": 6, "excluded_lines": 0}, "missing_lines": [2806, 2807, 2808, 2809, 2810, 2811], "excluded_lines": []}, "spotify_sync_library": {"executed_lines": [], "summary": {"covered_lines": 0, "num_statements": 6, "percent_covered": 0.0, "percent_covered_display": "0", "missing_lines": 6, "excluded_lines": 0}, "missing_lines": [2816, 2817, 2819, 2820, 2821, 2822], "excluded_lines": []}, "spotify_download_playlist": {"executed_lines": [], "summary": {"covered_lines": 0, "num_statements": 8, "percent_covered": 0.0, "percent_covered_display": "0", "missing_lines": 8, "excluded_lines": 0}, "missing_lines": [2827, 2828, 2829, 2830, 2831, 2832, 2833, 2834], "excluded_lines": []}, "spotify_delete_downloaded_content": {"executed_lines": [], "summary": {"covered_lines": 0, "num_statements": 6, "percent_covered": 0.0, "percent_covered_display": "0", "missing_lines": 6, "excluded_lines": 0}, "missing_lines": [2839, 2840, 2842, 2843, 2844, 2845], "excluded_lines": []}, "spotify_play": {"executed_lines": [], "summary": {"covered_lines": 0, "num_statements": 6, "percent_covered": 0.0, "percent_covered_display": "0", "missing_lines": 6, "excluded_lines": 0}, "missing_lines": [2855, 2856, 2857, 2858, 2859, 2860], "excluded_lines": []}, "spotify_pause": {"executed_lines": [], "summary": {"covered_lines": 0, "num_statements": 6, "percent_covered": 0.0, "percent_covered_display": "0", "missing_lines": 6, "excluded_lines": 0}, "missing_lines": [2865, 2866, 2867, 2868, 2869, 2870], "excluded_lines": []}, "spotify_toggle_play_pause": {"executed_lines": [], "summary": {"covered_lines": 0, "num_statements": 6, "percent_covered": 0.0, "percent_covered_display": "0", "missing_lines": 6, "excluded_lines": 0}, "missing_lines": [2875, 2876, 2877, 2878, 2879, 2880], "excluded_lines": []}, "spotify_next_track": {"executed_lines": [], "summary": {"covered_lines": 0, "num_statements": 6, "percent_covered": 0.0, "percent_covered_display": "0", "missing_lines": 6, "excluded_lines": 0}, "missing_lines": [2885, 2886, 2887, 2888, 2889, 2890], "excluded_lines": []}, "spotify_previous_track": {"executed_lines": [], "summary": {"covered_lines": 0, "num_statements": 6, "percent_covered": 0.0, "percent_covered_display": "0", "missing_lines": 6, "excluded_lines": 0}, "missing_lines": [2895, 2896, 2897, 2898, 2899, 2900], "excluded_lines": []}, "spotify_seek_to_time": {"executed_lines": [], "summary": {"covered_lines": 0, "num_statements": 9, "percent_covered": 0.0, "percent_covered_display": "0", "missing_lines": 9, "excluded_lines": 0}, "missing_lines": [2905, 2906, 2908, 2910, 2911, 2912, 2913, 2914, 2915], "excluded_lines": []}, "spotify_set_volume": {"executed_lines": [], "summary": {"covered_lines": 0, "num_statements": 12, "percent_covered": 0.0, "percent_covered_display": "0", "missing_lines": 12, "excluded_lines": 0}, "missing_lines": [2920, 2921, 2922, 2926, 2927, 2930, 2931, 2932, 2933, 2935, 2936, 2937], "excluded_lines": []}, "spotify_mute": {"executed_lines": [], "summary": {"covered_lines": 0, "num_statements": 6, "percent_covered": 0.0, "percent_covered_display": "0", "missing_lines": 6, "excluded_lines": 0}, "missing_lines": [2942, 2943, 2944, 2945, 2946, 2947], "excluded_lines": []}, "spotify_unmute": {"executed_lines": [], "summary": {"covered_lines": 0, "num_statements": 6, "percent_covered": 0.0, "percent_covered_display": "0", "missing_lines": 6, "excluded_lines": 0}, "missing_lines": [2952, 2953, 2954, 2955, 2956, 2957], "excluded_lines": []}, "spotify_search_and_play_track": {"executed_lines": [], "summary": {"covered_lines": 0, "num_statements": 11, "percent_covered": 0.0, "percent_covered_display": "0", "missing_lines": 11, "excluded_lines": 0}, "missing_lines": [2963, 2964, 2965, 2966, 2967, 2968, 2969, 2970, 2971, 2972, 2973], "excluded_lines": []}, "spotify_search_track": {"executed_lines": [], "summary": {"covered_lines": 0, "num_statements": 9, "percent_covered": 0.0, "percent_covered_display": "0", "missing_lines": 9, "excluded_lines": 0}, "missing_lines": [2978, 2979, 2980, 2981, 2982, 2983, 2984, 2985, 2986], "excluded_lines": []}, "spotify_search_artist": {"executed_lines": [], "summary": {"covered_lines": 0, "num_statements": 9, "percent_covered": 0.0, "percent_covered_display": "0", "missing_lines": 9, "excluded_lines": 0}, "missing_lines": [2991, 2992, 2993, 2994, 2995, 2996, 2997, 2998, 2999], "excluded_lines": []}, "spotify_search_album": {"executed_lines": [], "summary": {"covered_lines": 0, "num_statements": 9, "percent_covered": 0.0, "percent_covered_display": "0", "missing_lines": 9, "excluded_lines": 0}, "missing_lines": [3004, 3005, 3006, 3007, 3008, 3009, 3010, 3011, 3012], "excluded_lines": []}, "spotify_search_playlist": {"executed_lines": [], "summary": {"covered_lines": 0, "num_statements": 9, "percent_covered": 0.0, "percent_covered_display": "0", "missing_lines": 9, "excluded_lines": 0}, "missing_lines": [3017, 3018, 3019, 3020, 3021, 3022, 3023, 3024, 3025], "excluded_lines": []}, "spotify_browse_genres": {"executed_lines": [], "summary": {"covered_lines": 0, "num_statements": 8, "percent_covered": 0.0, "percent_covered_display": "0", "missing_lines": 8, "excluded_lines": 0}, "missing_lines": [3030, 3031, 3032, 3033, 3034, 3035, 3036, 3037], "excluded_lines": []}, "spotify_open_discover_weekly": {"executed_lines": [], "summary": {"covered_lines": 0, "num_statements": 11, "percent_covered": 0.0, "percent_covered_display": "0", "missing_lines": 11, "excluded_lines": 0}, "missing_lines": [3042, 3043, 3044, 3045, 3046, 3047, 3048, 3049, 3050, 3051, 3052], "excluded_lines": []}, "spotify_open_release_radar": {"executed_lines": [], "summary": {"covered_lines": 0, "num_statements": 11, "percent_covered": 0.0, "percent_covered_display": "0", "missing_lines": 11, "excluded_lines": 0}, "missing_lines": [3057, 3058, 3059, 3060, 3061, 3062, 3063, 3064, 3065, 3066, 3067], "excluded_lines": []}, "spotify_add_track_to_library": {"executed_lines": [], "summary": {"covered_lines": 0, "num_statements": 6, "percent_covered": 0.0, "percent_covered_display": "0", "missing_lines": 6, "excluded_lines": 0}, "missing_lines": [3073, 3074, 3075, 3076, 3077, 3078], "excluded_lines": []}, "spotify_remove_track_from_library": {"executed_lines": [], "summary": {"covered_lines": 0, "num_statements": 6, "percent_covered": 0.0, "percent_covered_display": "0", "missing_lines": 6, "excluded_lines": 0}, "missing_lines": [3083, 3084, 3085, 3086, 3087, 3088], "excluded_lines": []}, "spotify_create_playlist": {"executed_lines": [], "summary": {"covered_lines": 0, "num_statements": 9, "percent_covered": 0.0, "percent_covered_display": "0", "missing_lines": 9, "excluded_lines": 0}, "missing_lines": [3093, 3094, 3095, 3096, 3097, 3098, 3099, 3100, 3101], "excluded_lines": []}, "spotify_like_track": {"executed_lines": [], "summary": {"covered_lines": 0, "num_statements": 6, "percent_covered": 0.0, "percent_covered_display": "0", "missing_lines": 6, "excluded_lines": 0}, "missing_lines": [3106, 3107, 3108, 3109, 3110, 3111], "excluded_lines": []}, "spotify_dislike_track": {"executed_lines": [], "summary": {"covered_lines": 0, "num_statements": 6, "percent_covered": 0.0, "percent_covered_display": "0", "missing_lines": 6, "excluded_lines": 0}, "missing_lines": [3116, 3117, 3118, 3119, 3120, 3121], "excluded_lines": []}, "spotify_play_based_on_mood": {"executed_lines": [], "summary": {"covered_lines": 0, "num_statements": 11, "percent_covered": 0.0, "percent_covered_display": "0", "missing_lines": 11, "excluded_lines": 0}, "missing_lines": [3127, 3128, 3129, 3130, 3131, 3132, 3133, 3134, 3135, 3136, 3137], "excluded_lines": []}, "spotify_play_genre": {"executed_lines": [], "summary": {"covered_lines": 0, "num_statements": 11, "percent_covered": 0.0, "percent_covered_display": "0", "missing_lines": 11, "excluded_lines": 0}, "missing_lines": [3142, 3143, 3144, 3145, 3146, 3147, 3148, 3149, 3150, 3151, 3152], "excluded_lines": []}, "spotify_play_song_by_artist": {"executed_lines": [], "summary": {"covered_lines": 0, "num_statements": 25, "percent_covered": 0.0, "percent_covered_display": "0", "missing_lines": 25, "excluded_lines": 0}, "missing_lines": [3157, 3159, 3160, 3163, 3164, 3165, 3166, 3167, 3168, 3169, 3172, 3175, 3176, 3177, 3178, 3181, 3182, 3185, 3186, 3189, 3190, 3193, 3195, 3196, 3197], "excluded_lines": []}, "spotify_resume_last_played": {"executed_lines": [], "summary": {"covered_lines": 0, "num_statements": 6, "percent_covered": 0.0, "percent_covered_display": "0", "missing_lines": 6, "excluded_lines": 0}, "missing_lines": [3202, 3203, 3204, 3205, 3206, 3207], "excluded_lines": []}, "spotify_play_podcast": {"executed_lines": [], "summary": {"covered_lines": 0, "num_statements": 11, "percent_covered": 0.0, "percent_covered_display": "0", "missing_lines": 11, "excluded_lines": 0}, "missing_lines": [3212, 3213, 3214, 3215, 3216, 3217, 3218, 3219, 3220, 3221, 3222], "excluded_lines": []}, "spotify_share_song": {"executed_lines": [], "summary": {"covered_lines": 0, "num_statements": 6, "percent_covered": 0.0, "percent_covered_display": "0", "missing_lines": 6, "excluded_lines": 0}, "missing_lines": [3228, 3229, 3230, 3231, 3232, 3233], "excluded_lines": []}, "spotify_follow_artist": {"executed_lines": [], "summary": {"covered_lines": 0, "num_statements": 8, "percent_covered": 0.0, "percent_covered_display": "0", "missing_lines": 8, "excluded_lines": 0}, "missing_lines": [3238, 3239, 3240, 3241, 3243, 3244, 3245, 3246], "excluded_lines": []}, "spotify_open_lyrics": {"executed_lines": [], "summary": {"covered_lines": 0, "num_statements": 6, "percent_covered": 0.0, "percent_covered_display": "0", "missing_lines": 6, "excluded_lines": 0}, "missing_lines": [3251, 3252, 3253, 3254, 3255, 3256], "excluded_lines": []}, "spotify_shuffle_toggle": {"executed_lines": [], "summary": {"covered_lines": 0, "num_statements": 6, "percent_covered": 0.0, "percent_covered_display": "0", "missing_lines": 6, "excluded_lines": 0}, "missing_lines": [3261, 3262, 3263, 3264, 3265, 3266], "excluded_lines": []}, "spotify_repeat_toggle": {"executed_lines": [], "summary": {"covered_lines": 0, "num_statements": 6, "percent_covered": 0.0, "percent_covered_display": "0", "missing_lines": 6, "excluded_lines": 0}, "missing_lines": [3271, 3272, 3273, 3274, 3275, 3276], "excluded_lines": []}, "automate_notepad": {"executed_lines": [], "summary": {"covered_lines": 0, "num_statements": 22, "percent_covered": 0.0, "percent_covered_display": "0", "missing_lines": 22, "excluded_lines": 0}, "missing_lines": [3285, 3286, 3288, 3289, 3290, 3291, 3292, 3294, 3295, 3296, 3298, 3299, 3300, 3302, 3303, 3304, 3305, 3306, 3307, 3310, 3312, 3313], "excluded_lines": []}, "automate_calculator": {"executed_lines": [], "summary": {"covered_lines": 0, "num_statements": 10, "percent_covered": 0.0, "percent_covered_display": "0", "missing_lines": 10, "excluded_lines": 0}, "missing_lines": [3318, 3319, 3321, 3323, 3324, 3327, 3328, 3330, 3332, 3333], "excluded_lines": []}, "create_automation_workflow": {"executed_lines": [], "summary": {"covered_lines": 0, "num_statements": 31, "percent_covered": 0.0, "percent_covered_display": "0", "missing_lines": 31, "excluded_lines": 0}, "missing_lines": [3338, 3339, 3341, 3343, 3344, 3346, 3347, 3348, 3350, 3351, 3352, 3353, 3355, 3356, 3357, 3358, 3360, 3361, 3362, 3363, 3365, 3366, 3367, 3368, 3370, 3371, 3372, 3373, 3375, 3377, 3378], "excluded_lines": []}, "monitor_system_activity": {"executed_lines": [], "summary": {"covered_lines": 0, "num_statements": 17, "percent_covered": 0.0, "percent_covered_display": "0", "missing_lines": 17, "excluded_lines": 0}, "missing_lines": [3383, 3384, 3385, 3388, 3390, 3391, 3392, 3393, 3394, 3395, 3396, 3398, 3400, 3401, 3403, 3405, 3406], "excluded_lines": []}, "monitor_for_security_issues": {"executed_lines": [], "summary": {"covered_lines": 0, "num_statements": 87, "percent_covered": 0.0, "percent_covered_display": "0", "missing_lines": 87, "excluded_lines": 0}, "missing_lines": [3411, 3412, 3413, 3414, 3416, 3419, 3425, 3426, 3427, 3428, 3429, 3430, 3432, 3433, 3434, 3437, 3438, 3440, 3441, 3442, 3444, 3445, 3446, 3449, 3451, 3452, 3459, 3460, 3461, 3462, 3464, 3465, 3468, 3469, 3470, 3477, 3478, 3479, 3480, 3482, 3483, 3486, 3487, 3488, 3495, 3496, 3497, 3498, 3499, 3501, 3502, 3505, 3506, 3507, 3514, 3515, 3516, 3517, 3519, 3520, 3523, 3524, 3525, 3532, 3533, 3534, 3535, 3536, 3537, 3538, 3540, 3541, 3544, 3545, 3546, 3547, 3548, 3549, 3550, 3553, 3554, 3555, 3556, 3557, 3559, 3561, 3562], "excluded_lines": []}, "get_ui_automation_status": {"executed_lines": [], "summary": {"covered_lines": 0, "num_statements": 15, "percent_covered": 0.0, "percent_covered_display": "0", "missing_lines": 15, "excluded_lines": 0}, "missing_lines": [3567, 3568, 3569, 3571, 3572, 3573, 3574, 3575, 3576, 3579, 3580, 3582, 3584, 3586, 3587], "excluded_lines": []}, "create_zip_archive": {"executed_lines": [], "summary": {"covered_lines": 0, "num_statements": 19, "percent_covered": 0.0, "percent_covered_display": "0", "missing_lines": 19, "excluded_lines": 0}, "missing_lines": [3596, 3597, 3598, 3599, 3600, 3602, 3603, 3604, 3606, 3607, 3608, 3610, 3611, 3612, 3613, 3614, 3616, 3617, 3618], "excluded_lines": []}, "extract_zip_archive": {"executed_lines": [], "summary": {"covered_lines": 0, "num_statements": 13, "percent_covered": 0.0, "percent_covered_display": "0", "missing_lines": 13, "excluded_lines": 0}, "missing_lines": [3623, 3624, 3625, 3626, 3627, 3629, 3630, 3632, 3633, 3634, 3636, 3637, 3638], "excluded_lines": []}, "search_text_in_files": {"executed_lines": [], "summary": {"covered_lines": 0, "num_statements": 21, "percent_covered": 0.0, "percent_covered_display": "0", "missing_lines": 21, "excluded_lines": 0}, "missing_lines": [3647, 3648, 3649, 3650, 3652, 3653, 3655, 3656, 3657, 3658, 3659, 3660, 3661, 3662, 3663, 3664, 3666, 3667, 3669, 3670, 3671], "excluded_lines": []}, "count_lines_in_file": {"executed_lines": [], "summary": {"covered_lines": 0, "num_statements": 13, "percent_covered": 0.0, "percent_covered_display": "0", "missing_lines": 13, "excluded_lines": 0}, "missing_lines": [3676, 3677, 3678, 3679, 3681, 3682, 3683, 3684, 3685, 3686, 3688, 3693, 3694], "excluded_lines": []}, "monitor_system_performance": {"executed_lines": [], "summary": {"covered_lines": 0, "num_statements": 19, "percent_covered": 0.0, "percent_covered_display": "0", "missing_lines": 19, "excluded_lines": 0}, "missing_lines": [3703, 3704, 3705, 3707, 3708, 3715, 3717, 3718, 3721, 3722, 3724, 3725, 3726, 3727, 3729, 3730, 3732, 3733, 3734], "excluded_lines": []}, "get_network_interfaces": {"executed_lines": [], "summary": {"covered_lines": 0, "num_statements": 6, "percent_covered": 0.0, "percent_covered_display": "0", "missing_lines": 6, "excluded_lines": 0}, "missing_lines": [6178, 6179, 6211, 6219, 6221, 6222], "excluded_lines": []}, "find_duplicate_files": {"executed_lines": [], "summary": {"covered_lines": 0, "num_statements": 30, "percent_covered": 0.0, "percent_covered_display": "0", "missing_lines": 30, "excluded_lines": 0}, "missing_lines": [3779, 3780, 3781, 3782, 3783, 3785, 3786, 3788, 3789, 3790, 3792, 3793, 3794, 3795, 3797, 3799, 3800, 3802, 3804, 3805, 3807, 3808, 3809, 3810, 3811, 3812, 3813, 3815, 3816, 3817], "excluded_lines": []}, "generate_file_checksum": {"executed_lines": [], "summary": {"covered_lines": 0, "num_statements": 17, "percent_covered": 0.0, "percent_covered_display": "0", "missing_lines": 17, "excluded_lines": 0}, "missing_lines": [3822, 3823, 3824, 3825, 3826, 3828, 3835, 3836, 3838, 3840, 3841, 3842, 3844, 3845, 3847, 3850, 3851], "excluded_lines": []}, "create_sqlite_database": {"executed_lines": [], "summary": {"covered_lines": 0, "num_statements": 11, "percent_covered": 0.0, "percent_covered_display": "0", "missing_lines": 11, "excluded_lines": 0}, "missing_lines": [3860, 3861, 3862, 3863, 3866, 3867, 3869, 3870, 3872, 3873, 3874], "excluded_lines": []}, "query_sqlite_database": {"executed_lines": [], "summary": {"covered_lines": 0, "num_statements": 22, "percent_covered": 0.0, "percent_covered_display": "0", "missing_lines": 22, "excluded_lines": 0}, "missing_lines": [3879, 3880, 3881, 3882, 3885, 3886, 3888, 3889, 3891, 3892, 3893, 3895, 3897, 3898, 3899, 3900, 3902, 3903, 3905, 3907, 3908, 3909], "excluded_lines": []}, "format_json_file": {"executed_lines": [], "summary": {"covered_lines": 0, "num_statements": 15, "percent_covered": 0.0, "percent_covered_display": "0", "missing_lines": 15, "excluded_lines": 0}, "missing_lines": [3918, 3919, 3920, 3921, 3923, 3924, 3927, 3928, 3931, 3932, 3934, 3935, 3936, 3937, 3938], "excluded_lines": []}, "validate_json_file": {"executed_lines": [], "summary": {"covered_lines": 0, "num_statements": 19, "percent_covered": 0.0, "percent_covered_display": "0", "missing_lines": 19, "excluded_lines": 0}, "missing_lines": [3943, 3944, 3945, 3946, 3948, 3949, 3952, 3953, 3954, 3955, 3956, 3957, 3959, 3960, 3962, 3965, 3966, 3967, 3968], "excluded_lines": []}, "generate_password": {"executed_lines": [], "summary": {"covered_lines": 0, "num_statements": 20, "percent_covered": 0.0, "percent_covered_display": "0", "missing_lines": 20, "excluded_lines": 0}, "missing_lines": [3977, 3978, 3979, 3981, 3982, 3985, 3986, 3987, 3988, 3991, 3997, 3998, 4001, 4002, 4003, 4006, 4008, 4010, 4017, 4018], "excluded_lines": []}, "encode_decode_base64": {"executed_lines": [], "summary": {"covered_lines": 0, "num_statements": 14, "percent_covered": 0.0, "percent_covered_display": "0", "missing_lines": 14, "excluded_lines": 0}, "missing_lines": [4023, 4024, 4025, 4026, 4027, 4028, 4029, 4030, 4031, 4032, 4033, 4035, 4036, 4037], "excluded_lines": []}, "bulk_rename_files": {"executed_lines": [], "summary": {"covered_lines": 0, "num_statements": 21, "percent_covered": 0.0, "percent_covered_display": "0", "missing_lines": 21, "excluded_lines": 0}, "missing_lines": [4046, 4047, 4048, 4049, 4050, 4052, 4053, 4055, 4056, 4057, 4058, 4060, 4061, 4062, 4063, 4064, 4066, 4067, 4069, 4070, 4071], "excluded_lines": []}, "organize_files_by_type": {"executed_lines": [], "summary": {"covered_lines": 0, "num_statements": 33, "percent_covered": 0.0, "percent_covered_display": "0", "missing_lines": 33, "excluded_lines": 0}, "missing_lines": [4076, 4077, 4078, 4079, 4081, 4093, 4094, 4096, 4097, 4098, 4101, 4102, 4103, 4104, 4105, 4108, 4109, 4110, 4113, 4114, 4115, 4116, 4118, 4119, 4120, 4122, 4123, 4124, 4125, 4126, 4128, 4129, 4130], "excluded_lines": []}, "clean_empty_directories": {"executed_lines": [], "summary": {"covered_lines": 0, "num_statements": 24, "percent_covered": 0.0, "percent_covered_display": "0", "missing_lines": 24, "excluded_lines": 0}, "missing_lines": [4135, 4136, 4137, 4138, 4140, 4143, 4144, 4145, 4147, 4148, 4149, 4150, 4151, 4152, 4154, 4155, 4156, 4157, 4158, 4159, 4160, 4162, 4163, 4164], "excluded_lines": []}, "clean_temp_files": {"executed_lines": [], "summary": {"covered_lines": 0, "num_statements": 31, "percent_covered": 0.0, "percent_covered_display": "0", "missing_lines": 31, "excluded_lines": 0}, "missing_lines": [4173, 4174, 4175, 4182, 4183, 4184, 4186, 4187, 4188, 4189, 4190, 4191, 4192, 4193, 4194, 4195, 4196, 4197, 4198, 4199, 4200, 4201, 4202, 4204, 4205, 4206, 4207, 4208, 4210, 4211, 4212], "excluded_lines": []}, "analyze_disk_usage": {"executed_lines": [], "summary": {"covered_lines": 0, "num_statements": 30, "percent_covered": 0.0, "percent_covered_display": "0", "missing_lines": 30, "excluded_lines": 0}, "missing_lines": [4217, 4218, 4219, 4220, 4222, 4223, 4224, 4227, 4228, 4229, 4230, 4231, 4232, 4235, 4236, 4238, 4239, 4242, 4243, 4245, 4246, 4248, 4249, 4250, 4252, 4253, 4254, 4256, 4257, 4258], "excluded_lines": []}, "system_health_check": {"executed_lines": [], "summary": {"covered_lines": 0, "num_statements": 52, "percent_covered": 0.0, "percent_covered_display": "0", "missing_lines": 52, "excluded_lines": 0}, "missing_lines": [4263, 4264, 4265, 4268, 4269, 4270, 4271, 4274, 4275, 4276, 4277, 4280, 4281, 4282, 4283, 4284, 4287, 4288, 4289, 4290, 4293, 4294, 4297, 4298, 4299, 4302, 4303, 4304, 4305, 4306, 4307, 4308, 4309, 4310, 4311, 4314, 4315, 4316, 4317, 4318, 4319, 4320, 4321, 4323, 4324, 4326, 4327, 4328, 4330, 4332, 4333, 4334], "excluded_lines": []}, "network_speed_test": {"executed_lines": [], "summary": {"covered_lines": 0, "num_statements": 46, "percent_covered": 0.0, "percent_covered_display": "0", "missing_lines": 46, "excluded_lines": 0}, "missing_lines": [4343, 4344, 4345, 4347, 4350, 4356, 4357, 4358, 4359, 4367, 4369, 4370, 4371, 4372, 4373, 4374, 4376, 4378, 4379, 4380, 4383, 4384, 4385, 4386, 4388, 4389, 4390, 4391, 4393, 4394, 4395, 4396, 4399, 4400, 4402, 4403, 4404, 4405, 4406, 4407, 4408, 4409, 4410, 4412, 4413, 4414], "excluded_lines": []}, "scan_open_ports": {"executed_lines": [], "summary": {"covered_lines": 0, "num_statements": 22, "percent_covered": 0.0, "percent_covered_display": "0", "missing_lines": 22, "excluded_lines": 0}, "missing_lines": [4419, 4420, 4421, 4423, 4432, 4435, 4436, 4439, 4440, 4441, 4442, 4444, 4447, 4454, 4455, 4456, 4457, 4458, 4459, 4461, 4463, 4464], "excluded_lines": []}, "scan_open_ports.scan_port": {"executed_lines": [], "summary": {"covered_lines": 0, "num_statements": 7, "percent_covered": 0.0, "percent_covered_display": "0", "missing_lines": 7, "excluded_lines": 0}, "missing_lines": [4424, 4425, 4426, 4427, 4428, 4429, 4430], "excluded_lines": []}, "fetch_web_content": {"executed_lines": [], "summary": {"covered_lines": 0, "num_statements": 26, "percent_covered": 0.0, "percent_covered_display": "0", "missing_lines": 26, "excluded_lines": 0}, "missing_lines": [4473, 4474, 4475, 4476, 4479, 4480, 4481, 4484, 4491, 4492, 4494, 4496, 4497, 4500, 4501, 4502, 4505, 4507, 4508, 4509, 4510, 4511, 4513, 4515, 4517, 4518], "excluded_lines": []}, "check_website_status": {"executed_lines": [], "summary": {"covered_lines": 0, "num_statements": 26, "percent_covered": 0.0, "percent_covered_display": "0", "missing_lines": 26, "excluded_lines": 0}, "mis
[...]
4, 3565, 3593, 3594, 3620, 3621, 3644, 3645, 3673, 3674, 3700, 3701, 3736, 3737, 3776, 3777, 3819, 3820, 3857, 3858, 3876, 3877, 3915, 3916, 3940, 3941, 3974, 3975, 4020, 4021, 4043, 4044, 4073, 4074, 4132, 4133, 4170, 4171, 4214, 4215, 4260, 4261, 4340, 4341, 4416, 4417, 4470, 4471, 4520, 4521, 4566, 4567, 4654, 4655, 4706, 4707, 4780, 4781, 4855, 4856, 4934, 4935, 4953, 4954, 4980, 4981, 5017, 5018, 5038, 5039, 5069, 5070, 5107, 5108, 5131, 5132, 5152, 5153, 5188, 5189, 5209, 5210, 5237, 5238, 5258, 5259, 5283, 5284, 5311, 5312, 5332, 5333, 5357, 5358, 5378, 5379, 5406, 5407, 5427, 5428, 5442, 5443, 5463, 5464, 5482, 5483, 5502, 5503, 5529, 5530, 5567, 5568, 5569, 5571, 5572, 5789, 5790, 5805, 5806, 5860, 5861, 5895, 5896, 6028, 6029, 6175, 6176, 6224, 6225, 6281, 6282, 6346, 6347, 6403, 6404, 6423, 6424, 6467, 6468, 6528, 6529, 6610, 6611, 6663, 6664, 6757, 6758, 6851, 6852, 6933, 6934, 6991, 6992, 7036, 7037, 7062, 7063, 7137, 7138, 7189, 7190, 7242], "summary": {"covered_lines": 571, "num_statements": 3757, "percent_covered": 15.198296513175405, "percent_covered_display": "15", "missing_lines": 3186, "excluded_lines": 0}, "missing_lines": [40, 41, 42, 43, 63, 64, 65, 66, 67, 69, 72, 73, 76, 77, 79, 80, 83, 84, 86, 87, 90, 91, 93, 94, 97, 98, 100, 101, 104, 105, 107, 108, 111, 112, 114, 115, 117, 119, 120, 125, 126, 129, 177, 185, 187, 188, 193, 194, 197, 198, 199, 200, 201, 204, 205, 206, 207, 208, 209, 212, 213, 215, 216, 217, 218, 221, 222, 223, 224, 225, 227, 228, 229, 230, 232, 234, 235, 237, 240, 247, 248, 249, 250, 252, 254, 255, 260, 261, 264, 270, 271, 273, 274, 275, 276, 279, 280, 281, 284, 286, 287, 288, 289, 292, 293, 295, 297, 298, 300, 302, 304, 305, 310, 311, 314, 317, 323, 324, 325, 326, 328, 331, 332, 333, 335, 336, 337, 338, 340, 341, 343, 346, 347, 348, 350, 351, 354, 355, 356, 357, 358, 359, 361, 363, 364, 369, 370, 373, 375, 376, 378, 379, 380, 381, 383, 384, 385, 386, 387, 390, 391, 392, 393, 394, 395, 396, 397, 399, 400, 401, 403, 404, 405, 408, 409, 412, 417, 418, 419, 422, 423, 424, 425, 426, 428, 430, 431, 436, 437, 440, 441, 444, 454, 455, 457, 460, 461, 463, 469, 470, 471, 472, 473, 474, 477, 478, 486, 487, 489, 491, 492, 496, 498, 499, 505, 506, 507, 549, 550, 551, 552, 575, 576, 577, 578, 585, 586, 598, 599, 607, 610, 611, 616, 617, 618, 619, 620, 621, 622, 623, 624, 625, 626, 627, 628, 637, 638, 639, 640, 642, 643, 644, 645, 646, 651, 652, 653, 654, 655, 657, 658, 659, 664, 665, 675, 676, 677, 678, 679, 680, 685, 686, 687, 688, 689, 690, 691, 693, 694, 695, 700, 701, 702, 703, 704, 705, 706, 707, 708, 709, 711, 712, 713, 718, 719, 720, 721, 722, 723, 725, 727, 728, 729, 734, 735, 736, 737, 738, 739, 740, 741, 742, 743, 744, 745, 746, 747, 748, 749, 750, 751, 752, 753, 758, 759, 760, 761, 762, 763, 764, 765, 766, 767, 768, 773, 774, 777, 782, 783, 784, 785, 786, 787, 788, 789, 790, 791, 792, 793, 794, 795, 796, 797, 798, 799, 800, 801, 804, 806, 807, 809, 810, 811, 816, 817, 820, 825, 826, 827, 828, 829, 830, 831, 832, 833, 834, 835, 837, 838, 840, 841, 842, 847, 848, 853, 854, 855, 862, 863, 864, 865, 866, 867, 868, 869, 880, 881, 882, 883, 884, 889, 890, 891, 892, 893, 898, 899, 900, 901, 902, 907, 908, 909, 910, 911, 946, 947, 948, 951, 952, 953, 954, 955, 956, 957, 960, 961, 962, 963, 966, 967, 969, 970, 971, 972, 973, 974, 976, 977, 978, 979, 980, 981, 983, 985, 986, 988, 991, 992, 993, 994, 999, 1000, 1002, 1003, 1004, 1005, 1006, 1011, 1012, 1014, 1015, 1016, 1017, 1018, 1023, 1024, 1026, 1027, 1028, 1029, 1031, 1035, 1036, 1041, 1042, 1044, 1045, 1046, 1047, 1048, 1049, 1050, 1051, 1053, 1054, 1055, 1057, 1060, 1061, 1066, 1067, 1069, 1070, 1071, 1072, 1074, 1078, 1079, 1084, 1085, 1087, 1088, 1089, 1090, 1092, 1096, 1097, 1102, 1103, 1105, 1106, 1108, 1109, 1111, 1113, 1114, 1115, 1116, 1117, 1118, 1119, 1121, 1122, 1123, 1128, 1129, 1131, 1133, 1134, 1135, 1138, 1139, 1141, 1142, 1143, 1144, 1146, 1147, 1148, 1149, 1150, 1151, 1152, 1154, 1157, 1158, 1159, 1160, 1161, 1162, 1164, 1166, 1168, 1171, 1172, 1173, 1176, 1177, 1179, 1180, 1181, 1183, 1184, 1185, 1187, 1188, 1189, 1190, 1192, 1193, 1194, 1196, 1197, 1198, 1199, 1200, 1202, 1203, 1204, 1209, 1210, 1212, 1214, 1216, 1217, 1219, 1220, 1222, 1225, 1226, 1230, 1231, 1232, 1235, 1237, 1238, 1239, 1241, 1242, 1243, 1244, 1246, 1248, 1249, 1250, 1255, 1256, 1257, 1258, 1259, 1260, 1261, 1268, 1269, 1270, 1275, 1276, 1278, 1280, 1284, 1285, 1286, 1288, 1289, 1290, 1294, 1296, 1298, 1299, 1300, 1322, 1323, 1328, 1329, 1331, 1333, 1334, 1335, 1336, 1337, 1338, 1339, 1342, 1344, 1345, 1347, 1348, 1349, 1374, 1375, 1380, 1381, 1383, 1390, 1391, 1392, 1398, 1399, 1401, 1402, 1404, 1405, 1407, 1410, 1411, 1412, 1413, 1414, 1415, 1417, 1418, 1419, 1420, 1421, 1424, 1425, 1427, 1428, 1429, 1430, 1431, 1434, 1435, 1438, 1439, 1440, 1442, 1443, 1444, 1445, 1446, 1447, 1448, 1449, 1450, 1453, 1454, 1455, 1456, 1457, 1458, 1459, 1460, 1461, 1462, 1465, 1466, 1468, 1470, 1471, 1472, 1473, 1474, 1475, 1478, 1479, 1482, 1483, 1486, 1489, 1491, 1492, 1493, 1496, 1497, 1498, 1500, 1502, 1508, 1509, 1510, 1511, 1512, 1513, 1515, 1516, 1522, 1523, 1524, 1525, 1527, 1528, 1533, 1534, 1536, 1537, 1538, 1539, 1540, 1541, 1543, 1544, 1546, 1547, 1548, 1553, 1554, 1556, 1557, 1558, 1560, 1561, 1563, 1564, 1565, 1566, 1568, 1569, 1570, 1575, 1576, 1578, 1579, 1580, 1581, 1582, 1583, 1588, 1589, 1591, 1592, 1593, 1594, 1595, 1597, 1598, 1599, 1600, 1605, 1606, 1608, 1609, 1610, 1611, 1612, 1617, 1618, 1620, 1621, 1622, 1623, 1624, 1625, 1630, 1631, 1633, 1634, 1635, 1637, 1638, 1639, 1640, 1642, 1643, 1644, 1649, 1650, 1652, 1653, 1654, 1656, 1657, 1658, 1659, 1660, 1662, 1663, 1664, 1669, 1670, 1672, 1673, 1674, 1675, 1676, 1678, 1680, 1681, 1682, 1687, 1688, 1690, 1691, 1692, 1693, 1694, 1699, 1700, 1702, 1703, 1704, 1705, 1706, 1711, 1712, 1714, 1715, 1716, 1717, 1718, 1727, 1728, 1735, 1736, 1737, 1742, 1743, 1752, 1760, 1761, 1762, 1767, 1768, 1776, 1777, 1779, 1780, 1781, 1786, 1787, 1795, 1796, 1798, 1799, 1800, 1805, 1806, 1814, 1815, 1817, 1818, 1819, 1824, 1825, 1833, 1834, 1835, 1840, 1841, 1849, 1850, 1851, 1856, 1857, 1865, 1866, 1867, 1872, 1873, 1881, 1882, 1884, 1885, 1886, 1891, 1892, 1893, 1895, 1903, 1904, 1906, 1907, 1908, 1913, 1915, 1923, 1924, 1927, 1935, 1936, 1938, 1939, 1940, 1945, 1946, 1954, 1955, 1957, 1958, 1959, 1964, 1965, 1973, 1974, 1975, 1980, 1982, 1991, 1999, 2000, 2001, 2006, 2008, 2016, 2017, 2018, 2023, 2025, 2034, 2042, 2044, 2052, 2053, 2054, 2059, 2061, 2070, 2078, 2079, 2080, 2085, 2087, 2095, 2096, 2097, 2102, 2103, 2106, 2115, 2116, 2117, 2118, 2119, 2121, 2122, 2124, 2125, 2127, 2136, 2137, 2139, 2140, 2141, 2142, 2143, 2144, 2145, 2146, 2148, 2150, 2151, 2153, 2154, 2155, 2481, 2482, 2484, 2485, 2486, 2488, 2489, 2490, 2495, 2496, 2498, 2499, 2500, 2502, 2503, 2504, 2509, 2510, 2512, 2514, 2515, 2516, 2517, 2518, 2519, 2520, 2521, 2522, 2523, 2525, 2527, 2528, 2529, 2531, 2532, 2533, 2538, 2539, 2541, 2542, 2543, 2545, 2553, 2554, 2556, 2559, 2560, 2561, 2562, 2563, 2568, 2569, 2571, 2572, 2573, 2575, 2576, 2577, 2578, 2583, 2584, 2586, 2587, 2588, 2589, 2590, 2604, 2605, 2606, 2607, 2608, 2609, 2614, 2615, 2616, 2617, 2618, 2619, 2624, 2625, 2626, 2627, 2628, 2629, 2634, 2635, 2636, 2637, 2638, 2639, 2640, 2645, 2646, 2647, 2648, 2649, 2650, 2655, 2656, 2657, 2658, 2659, 2660, 2665, 2666, 2667, 2668, 2669, 2670, 2675, 2676, 2677, 2678, 2680, 2685, 2686, 2691, 2692, 2724, 2725, 2726, 2728, 2729, 2730, 2737, 2738, 2739, 2740, 2741, 2746, 2747, 2748, 2749, 2750, 2751, 2752, 2757, 2758, 2759, 2760, 2761, 2762, 2763, 2768, 2769, 2772, 2773, 2774, 2775, 2776, 2781, 2782, 2783, 2784, 2785, 2786, 2787, 2788, 2789, 2794, 2795, 2796, 2797, 2798, 2799, 2800, 2806, 2807, 2808, 2809, 2810, 2811, 2816, 2817, 2819, 2820, 2821, 2822, 2827, 2828, 2829, 2830, 2831, 2832, 2833, 2834, 2839, 2840, 2842, 2843, 2844, 2845, 2855, 2856, 2857, 2858, 2859, 2860, 2865, 2866, 2867, 2868, 2869, 2870, 2875, 2876, 2877, 2878, 2879, 2880, 2885, 2886, 2887, 2888, 2889, 2890, 2895, 2896, 2897, 2898, 2899, 2900, 2905, 2906, 2908, 2910, 2911, 2912, 2913, 2914, 2915, 2920, 2921, 2922, 2926, 2927, 2930, 2931, 2932, 2933, 2935, 2936, 2937, 2942, 2943, 2944, 2945, 2946, 2947, 2952, 2953, 2954, 2955, 2956, 2957, 2963, 2964, 2965, 2966, 2967, 2968, 2969, 2970, 2971, 2972, 2973, 2978, 2979, 2980, 2981, 2982, 2983, 2984, 2985, 2986, 2991, 2992, 2993, 2994, 2995, 2996, 2997, 2998, 2999, 3004, 3005, 3006, 3007, 3008, 3009, 3010, 3011, 3012, 3017, 3018, 3019, 3020, 3021, 3022, 3023, 3024, 3025, 3030, 3031, 3032, 3033, 3034, 3035, 3036, 3037, 3042, 3043, 3044, 3045, 3046, 3047, 3048, 3049, 3050, 3051, 3052, 3057, 3058, 3059, 3060, 3061, 3062, 3063, 3064, 3065, 3066, 3067, 3073, 3074, 3075, 3076, 3077, 3078, 3083, 3084, 3085, 3086, 3087, 3088, 3093, 3094, 3095, 3096, 3097, 3098, 3099, 3100, 3101, 3106, 3107, 3108, 3109, 3110, 3111, 3116, 3117, 3118, 3119, 3120, 3121, 3127, 3128, 3129, 3130, 3131, 3132, 3133, 3134, 3135, 3136, 3137, 3142, 3143, 3144, 3145, 3146, 3147, 3148, 3149, 3150, 3151, 3152, 3157, 3159, 3160, 3163, 3164, 3165, 3166, 3167, 3168, 3169, 3172, 3175, 3176, 3177, 3178, 3181, 3182, 3185, 3186, 3189, 3190, 3193, 3195, 3196, 3197, 3202, 3203, 3204, 3205, 3206, 3207, 3212, 3213, 3214, 3215, 3216, 3217, 3218, 3219, 3220, 3221, 3222, 3228, 3229, 3230, 3231, 3232, 3233, 3238, 3239, 3240, 3241, 3243, 3244, 3245, 3246, 3251, 3252, 3253, 3254, 3255, 3256, 3261, 3262, 3263, 3264, 3265, 3266, 3271, 3272, 3273, 3274, 3275, 3276, 3285, 3286, 3288, 3289, 3290, 3291, 3292, 3294, 3295, 3296, 3298, 3299, 3300, 3302, 3303, 3304, 3305, 3306, 3307, 3310, 3312, 3313, 3318, 3319, 3321, 3323, 3324, 3327, 3328, 3330, 3332, 3333, 3338, 3339, 3341, 3343, 3344, 3346, 3347, 3348, 3350, 3351, 3352, 3353, 3355, 3356, 3357, 3358, 3360, 3361, 3362, 3363, 3365, 3366, 3367, 3368, 3370, 3371, 3372, 3373, 3375, 3377, 3378, 3383, 3384, 3385, 3388, 3390, 3391, 3392, 3393, 3394, 3395, 3396, 3398, 3400, 3401, 3403, 3405, 3406, 3411, 3412, 3413, 3414, 3416, 3419, 3425, 3426, 3427, 3428, 3429, 3430, 3432, 3433, 3434, 3437, 3438, 3440, 3441, 3442, 3444, 3445, 3446, 3449, 3451, 3452, 3459, 3460, 3461, 3462, 3464, 3465, 3468, 3469, 3470, 3477, 3478, 3479, 3480, 3482, 3483, 3486, 3487, 3488, 3495, 3496, 3497, 3498, 3499, 3501, 3502, 3505, 3506, 3507, 3514, 3515, 3516, 3517, 3519, 3520, 3523, 3524, 3525, 3532, 3533, 3534, 3535, 3536, 3537, 3538, 3540, 3541, 3544, 3545, 3546, 3547, 3548, 3549, 3550, 3553, 3554, 3555, 3556, 3557, 3559, 3561, 3562, 3567, 3568, 3569, 3571, 3572, 3573, 3574, 3575, 3576, 3579, 3580, 3582, 3584, 3586, 3587, 3596, 3597, 3598, 3599, 3600, 3602, 3603, 3604, 3606, 3607, 3608, 3610, 3611, 3612, 3613, 3614, 3616, 3617, 3618, 3623, 3624, 3625, 3626, 3627, 3629, 3630, 3632, 3633, 3634, 3636, 3637, 3638, 3647, 3648, 3649, 3650, 3652, 3653, 3655, 3656, 3657, 3658, 3659, 3660, 3661, 3662, 3663, 3664, 3666, 3667, 3669, 3670, 3671, 3676, 3677, 3678, 3679, 3681, 3682, 3683, 3684, 3685, 3686, 3688, 3693, 3694, 3703, 3704, 3705, 3707, 3708, 3715, 3717, 3718, 3721, 3722, 3724, 3725, 3726, 3727, 3729, 3730, 3732, 3733, 3734, 3739, 3740, 3741, 3743, 3745, 3746, 3749, 3750, 3751, 3752, 3753, 3756, 3757, 3758, 3759, 3760, 3761, 3762, 3763, 3764, 3766, 3768, 3769, 3770, 3779, 3780, 3781, 3782, 3783, 3785, 3786, 3788, 3789, 3790, 3792, 3793, 3794, 3795, 3797, 3799, 3800, 3802, 3804, 3805, 3807, 3808, 3809, 3810, 3811, 3812, 3813, 3815, 3816, 3817, 3822, 3823, 3824, 3825, 3826, 3828, 3835, 3836, 3838, 3840, 3841, 3842, 3844, 3845, 3847, 3850, 3851, 3860, 3861, 3862, 3863, 3866, 3867, 3869, 3870, 3872, 3873, 3874, 3879, 3880, 3881, 3882, 3885, 3886, 3888, 3889, 3891, 3892, 3893, 3895, 3897, 3898, 3899, 3900, 3902, 3903, 3905, 3907, 3908, 3909, 3918, 3919, 3920, 3921, 3923, 3924, 3927, 3928, 3931, 3932, 3934, 3935, 3936, 3937, 3938, 3943, 3944, 3945, 3946, 3948, 3949, 3952, 3953, 3954, 3955, 3956, 3957, 3959, 3960, 3962, 3965, 3966, 3967, 3968, 3977, 3978, 3979, 3981, 3982, 3985, 3986, 3987, 3988, 3991, 3997, 3998, 4001, 4002, 4003, 4006, 4008, 4010, 4017, 4018, 4023, 4024, 4025, 4026, 4027, 4028, 4029, 4030, 4031, 4032, 4033, 4035, 4036, 4037, 4046, 4047, 4048, 4049, 4050, 4052, 4053, 4055, 4056, 4057, 4058, 4060, 4061, 4062, 4063, 4064, 4066, 4067, 4069, 4070, 4071, 4076, 4077, 4078, 4079, 4081, 4093, 4094, 4096, 4097, 4098, 4101, 4102, 4103, 4104, 4105, 4108, 4109, 4110, 4113, 4114, 4115, 4116, 4118, 4119, 4120, 4122, 4123, 4124, 4125, 4126, 4128, 4129, 4130, 4135, 4136, 4137, 4138, 4140, 4143, 4144, 4145, 4147, 4148, 4149, 4150, 4151, 4152, 4154, 4155, 4156, 4157, 4158, 4159, 4160, 4162, 4163, 4164, 4173, 4174, 4175, 4182, 4183, 4184, 4186, 4187, 4188, 4189, 4190, 4191, 4192, 4193, 4194, 4195, 4196, 4197, 4198, 4199, 4200, 4201, 4202, 4204, 4205, 4206, 4207, 4208, 4210, 4211, 4212, 4217, 4218, 4219, 4220, 4222, 4223, 4224, 4227, 4228, 4229, 4230, 4231, 4232, 4235, 4236, 4238, 4239, 4242, 4243, 4245, 4246, 4248, 4249, 4250, 4252, 4253, 4254, 4256, 4257, 4258, 4263, 4264, 4265, 4268, 4269, 4270, 4271, 4274, 4275, 4276, 4277, 4280, 4281, 4282, 4283, 4284, 4287, 4288, 4289, 4290, 4293, 4294, 4297, 4298, 4299, 4302, 4303, 4304, 4305, 4306, 4307, 4308, 4309, 4310, 4311, 4314, 4315, 4316, 4317, 4318, 4319, 4320, 4321, 4323, 4324, 4326, 4327, 4328, 4330, 4332, 4333, 4334, 4343, 4344, 4345, 4347, 4350, 4356, 4357, 4358, 4359, 4367, 4369, 4370, 4371, 4372, 4373, 4374, 4376, 4378, 4379, 4380, 4383, 4384, 4385, 4386, 4388, 4389, 4390, 4391, 4393, 4394, 4395, 4396, 4399, 4400, 4402, 4403, 4404, 4405, 4406, 4407, 4408, 4409, 4410, 4412, 4413, 4414, 4419, 4420, 4421, 4423, 4424, 4425, 4426, 4427, 4428, 4429, 4430, 4432, 4435, 4436, 4439, 4440, 4441, 4442, 4444, 4447, 4454, 4455, 4456, 4457, 4458, 4459, 4461, 4463, 4464, 4473, 4474, 4475, 4476, 4479, 4480, 4481, 4484, 4491, 4492, 4494, 4496, 4497, 4500, 4501, 4502, 4505, 4507, 4508, 4509, 4510, 4511, 4513, 4515, 4517, 4518, 4523, 4524, 4525, 4527, 4528, 4530, 4532, 4533, 4535, 4536, 4537, 4542, 4543, 4544, 4545, 4547, 4548, 4550, 4551, 4552, 4553, 4554, 4555, 4557, 4559, 4560, 4569, 4570, 4571, 4572, 4573, 4574, 4575, 4576, 4578, 4587, 4588, 4591, 4593, 4594, 4595, 4597, 4598, 4600, 4602, 4603, 4604, 4606, 4607, 4608, 4609, 4610, 4611, 4612, 4613, 4615, 4616, 4618, 4620, 4621, 4622, 4624, 4625, 4626, 4627, 4628, 4630, 4631, 4637, 4638, 4640, 4641, 4642, 4643, 4644, 4646, 4649, 4651, 4652, 4657, 4658, 4659, 4666, 4668, 4669, 4676, 4677, 4679, 4681, 4682, 4684, 4685, 4686, 4688, 4689, 4691, 4692, 4694, 4697, 4699, 4700, 4709, 4710, 4711, 4713, 4714, 4715, 4717, 4718, 4721, 4722, 4724, 4726, 4727, 4729, 4730, 4731, 4732, 4734, 4735, 4736, 4738, 4739, 4745, 4746, 4747, 4749, 4750, 4753, 4755, 4756, 4757, 4759, 4760, 4761, 4762, 4763, 4769, 4770, 4771, 4772, 4773, 4775, 4777, 4778, 4783, 4784, 4785, 4787, 4788, 4790, 4793, 4794, 4796, 4797, 4798, 4799, 4801, 4802, 4803, 4804, 4806, 4809, 4810, 4812, 4813, 4814, 4815, 4816, 4818, 4819, 4820, 4821, 4824, 4825, 4826, 4827, 4828, 4829, 4831, 4832, 4833, 4835, 4836, 4837, 4838, 4839, 4841, 4843, 4844, 4846, 4848, 4849, 4858, 4860, 4873, 4874, 4876, 4877, 4879, 4880, 4887, 4888, 4891, 4892, 4893, 4894, 4895, 4896, 4897, 4898, 4899, 4901, 4902, 4903, 4904, 4905, 4906, 4907, 4908, 4909, 4911, 4912, 4913, 4914, 4915, 4916, 4918, 4919, 4920, 4921, 4923, 4925, 4927, 4928, 4929, 4930, 4931, 4932, 4937, 4938, 4939, 4941, 4942, 4944, 4946, 4947, 4956, 4957, 4958, 4959, 4960, 4962, 4964, 4972, 4973, 4975, 4977, 4978, 4983, 4984, 4993, 4994, 4996, 4997, 5005, 5006, 5008, 5010, 5011, 5020, 5021, 5022, 5030, 5031, 5033, 5035, 5036, 5041, 5042, 5043, 5044, 5045, 5047, 5049, 5057, 5058, 5060, 5062, 5063, 5072, 5074, 5082, 5083, 5085, 5086, 5087, 5089, 5091, 5099, 5100, 5102, 5104, 5105, 5110, 5111, 5112, 5119, 5120, 5122, 5124, 5125, 5134, 5135, 5136, 5144, 5145, 5147, 5149, 5150, 5155, 5156, 5164, 5165, 5167, 5168, 5176, 5177, 5179, 5181, 5182, 5191, 5192, 5193, 5201, 5202, 5204, 5206, 5207, 5212, 5213, 5214, 5216, 5217, 5225, 5226, 5228, 5230, 5231, 5240, 5241, 5242, 5250, 5251, 5253, 5255, 5256, 5261, 5262, 5263, 5271, 5272, 5274, 5276, 5277, 5286, 5287, 5288, 5290, 5291, 5299, 5300, 5302, 5304, 5305, 5314, 5315, 5316, 5324, 5325, 5327, 5329, 5330, 5335, 5336, 5337, 5345, 5346, 5348, 5350, 5351, 5360, 5361, 5362, 5370, 5371, 5373, 5375, 5376, 5381, 5382, 5383, 5391, 5392, 5393, 5395, 5397, 5399, 5400, 5409, 5410, 5411, 5419, 5420, 5422, 5424, 5425, 5430, 5431, 5432, 5434, 5435, 5437, 5439, 5440, 5445, 5446, 5447, 5455, 5456, 5458, 5460, 5461, 5466, 5467, 5468, 5470, 5471, 5473, 5475, 5476, 5485, 5486, 5487, 5495, 5497, 5498, 5499, 5500, 5505, 5506, 5507, 5510, 5513, 5521, 5522, 5524, 5526, 5527, 5532, 5533, 5534, 5542, 5543, 5546, 5547, 5554, 5555, 5557, 5559, 5560, 5576, 5577, 5578, 5579, 5580, 5581, 5583, 5584, 5586, 5588, 5589, 5590, 5593, 5594, 5595, 5596, 5599, 5600, 5603, 5604, 5607, 5615, 5616, 5617, 5618, 5620, 5622, 5625, 5626, 5628, 5629, 5631, 5632, 5633, 5635, 5636, 5638, 5640, 5641, 5642, 5643, 5645, 5646, 5648, 5649, 5652, 5653, 5656, 5657, 5658, 5660, 5661, 5662, 5663, 5665, 5666, 5667, 5668, 5671, 5672, 5677, 5686, 5687, 5689, 5691, 5694, 5699, 5700, 5706, 5708, 5710, 5715, 5716, 5722, 5727, 5730, 5732, 5733, 5734, 5736, 5737, 5738, 5740, 5743, 5744, 5745, 5748, 5758, 5759, 5761, 5784, 5785, 5786, 5787, 5794, 5795, 5797, 5799, 5801, 5803, 5810, 5811, 5814, 5815, 5817, 5819, 5822, 5823, 5824, 5825, 5827, 5828, 5829, 5830, 5831, 5834, 5835, 5836, 5837, 5839, 5841, 5843, 5845, 5846, 5847, 5848, 5849, 5851, 5853, 5855, 5857, 5858, 5863, 5864, 5867, 5868, 5869, 5870, 5875, 5877, 5879, 5881, 5883, 5884, 5886, 5888, 5889, 5898, 5899, 5900, 5901, 5902, 5904, 5905, 5908, 5909, 5910, 5911, 5914, 5915, 5916, 5917, 5918, 5921, 5922, 5923, 5924, 5926, 5927, 5928, 5931, 5932, 5934, 5935, 5937, 5938, 5940, 5941, 5942, 5945, 5946, 5947, 5948, 5949, 5952, 5953, 5956, 5957, 5958, 5961, 5962, 5964, 5966, 5967, 5968, 5969, 5970, 5972, 5973, 5974, 5975, 5976, 5978, 5979, 5980, 5982, 5983, 5984, 5985, 5988, 5989, 5991, 5992, 5993, 5994, 5995, 5997, 5999, 6000, 6002, 6003, 6006, 6007, 6008, 6009, 6011, 6012, 6013, 6014, 6016, 6018, 6019, 6020, 6021, 6023, 6025, 6026, 6031, 6032, 6033, 6034, 6035, 6036, 6038, 6039, 6042, 6043, 6044, 6045, 6048, 6049, 6051, 6058, 6059, 6060, 6061, 6062, 6063, 6064, 6066, 6068, 6071, 6072, 6074, 6076, 6081, 6082, 6083, 6084, 6086, 6088, 6090, 6091, 6093, 6096, 6097, 6098, 6099, 6101, 6102, 6104, 6105, 6108, 6109, 6110, 6111, 6112, 6114, 6115, 6116, 6117, 6118, 6121, 6122, 6123, 6124, 6125, 6126, 6127, 6128, 6131, 6132, 6135, 6136, 6137, 6139, 6142, 6144, 6145, 6146, 6147, 6148, 6149, 6150, 6151, 6152, 6153, 6154, 6155, 6157, 6158, 6159, 6160, 6162, 6164, 6166, 6168, 6169, 6178, 6179, 6211, 6219, 6221, 6222, 6227, 6228, 6268, 6276, 6278, 6279, 6284, 6286, 6294, 6297, 6298, 6300, 6301, 6303, 6304, 6305, 6306, 6314, 6315, 6318, 6319, 6320, 6321, 6323, 6324, 6325, 6326, 6327, 6328, 6329, 6330, 6331, 6332, 6333, 6335, 6336, 6337, 6338, 6339, 6341, 6343, 6344, 6349, 6350, 6358, 6359, 6360, 6363, 6366, 6367, 6368, 6370, 6371, 6372, 6373, 6374, 6375, 6376, 6377, 6378, 6379, 6380, 6383, 6384, 6386, 6387, 6388, 6390, 6391, 6392, 6393, 6394, 6396, 6398, 6400, 6401, 6406, 6407, 6415, 6416, 6418, 6420, 6421, 6426, 6427, 6454, 6462, 6464, 6465, 6470, 6472, 6473, 6475, 6515, 6523, 6525, 6526, 6531, 6532, 6597, 6605, 6607, 6608, 6613, 6614, 6615, 6617, 6650, 6658, 6660, 6661, 6666, 6667, 6740, 6748, 6750, 6751, 6760, 6761, 6764, 6796, 6804, 6805, 6807, 6810, 6833, 6841, 6842, 6844, 6846, 6848, 6849, 6854, 6855, 6917, 6925, 6926, 6928, 6930, 6931, 6936, 6937, 6978, 6986, 6988, 6989, 6994, 6995, 6996, 6998, 7023, 7031, 7033, 7034, 7039, 7040, 7048, 7049, 7051, 7052, 7054, 7055, 7057, 7059, 7060, 7065, 7066, 7124, 7132, 7134, 7135, 7140, 7141, 7176, 7184, 7186, 7187, 7192, 7193, 7229, 7237, 7239, 7240, 7243], "excluded_lines": []}}}}, "totals": {"covered_lines": 576, "num_statements": 3927, "percent_covered": 14.66768525592055, "percent_covered_display": "15", "missing_lines": 3351, "excluded_lines": 0}}